mode: atomic
go.klarlabs.de/briefkasten/briefkasten.go:57.67,59.2 1 1
go.klarlabs.de/briefkasten/briefkasten.go:62.44,62.84 1 11
go.klarlabs.de/briefkasten/briefkasten.go:65.54,65.99 1 4
go.klarlabs.de/briefkasten/briefkasten.go:84.54,84.82 1 23
go.klarlabs.de/briefkasten/briefkasten.go:87.59,87.83 1 7
go.klarlabs.de/briefkasten/briefkasten.go:90.41,90.76 1 1
go.klarlabs.de/briefkasten/briefkasten.go:93.45,93.76 1 1
go.klarlabs.de/briefkasten/briefkasten.go:96.63,96.103 1 9
go.klarlabs.de/briefkasten/briefkasten.go:107.57,107.87 1 5
go.klarlabs.de/briefkasten/briefkasten.go:121.68,123.2 1 6
go.klarlabs.de/briefkasten/briefkasten.go:129.61,131.16 2 9
go.klarlabs.de/briefkasten/briefkasten.go:131.16,133.3 1 3
go.klarlabs.de/briefkasten/briefkasten.go:134.2,135.37 2 6
go.klarlabs.de/briefkasten/briefkasten.go:135.37,137.3 1 1
go.klarlabs.de/briefkasten/briefkasten.go:138.2,138.16 1 5
go.klarlabs.de/briefkasten/briefkasten.go:158.61,159.31 1 11
go.klarlabs.de/briefkasten/briefkasten.go:159.31,159.56 1 11
go.klarlabs.de/briefkasten/briefkasten.go:163.42,164.31 1 3
go.klarlabs.de/briefkasten/briefkasten.go:164.31,164.48 1 3
go.klarlabs.de/briefkasten/briefkasten.go:170.62,172.27 2 11
go.klarlabs.de/briefkasten/briefkasten.go:172.27,174.3 1 14
go.klarlabs.de/briefkasten/briefkasten.go:175.2,177.23 3 11
go.klarlabs.de/briefkasten/briefkasten.go:177.23,179.3 1 3
go.klarlabs.de/briefkasten/briefkasten.go:180.2,180.39 1 11
go.klarlabs.de/briefkasten/config.go:82.62,83.26 1 16
go.klarlabs.de/briefkasten/config.go:83.26,85.3 1 13
go.klarlabs.de/briefkasten/config.go:86.2,87.34 2 3
go.klarlabs.de/briefkasten/config.go:87.34,90.17 3 4
go.klarlabs.de/briefkasten/config.go:90.17,92.4 1 2
go.klarlabs.de/briefkasten/config.go:93.3,93.17 1 2
go.klarlabs.de/briefkasten/config.go:95.2,95.17 1 1
go.klarlabs.de/briefkasten/config.go:101.47,106.16 2 36
go.klarlabs.de/briefkasten/config.go:106.16,108.3 1 24
go.klarlabs.de/briefkasten/config.go:109.2,110.16 2 12
go.klarlabs.de/briefkasten/config.go:110.16,112.3 1 1
go.klarlabs.de/briefkasten/config.go:113.2,113.49 1 11
go.klarlabs.de/briefkasten/config.go:113.49,115.3 1 1
go.klarlabs.de/briefkasten/config.go:116.2,117.17 2 10
go.klarlabs.de/briefkasten/config.go:122.32,122.49 1 10
go.klarlabs.de/briefkasten/config.go:126.31,127.18 1 5
go.klarlabs.de/briefkasten/config.go:127.18,129.3 1 1
go.klarlabs.de/briefkasten/config.go:130.2,131.16 2 4
go.klarlabs.de/briefkasten/config.go:131.16,133.3 1 0
go.klarlabs.de/briefkasten/config.go:134.2,134.57 1 4
go.klarlabs.de/briefkasten/config.go:134.57,136.3 1 2
go.klarlabs.de/briefkasten/config.go:137.2,137.12 1 2
go.klarlabs.de/briefkasten/config.go:142.29,150.58 8 4
go.klarlabs.de/briefkasten/config.go:150.58,152.3 1 1
go.klarlabs.de/briefkasten/config.go:153.2,159.58 7 4
go.klarlabs.de/briefkasten/config.go:159.58,161.3 1 1
go.klarlabs.de/briefkasten/config.go:164.2,166.59 3 4
go.klarlabs.de/briefkasten/config.go:166.59,168.3 1 1
go.klarlabs.de/briefkasten/config.go:173.61,175.13 2 8
go.klarlabs.de/briefkasten/config.go:175.13,177.3 1 6
go.klarlabs.de/briefkasten/config.go:178.2,178.15 1 2
go.klarlabs.de/briefkasten/config.go:178.15,180.3 1 2
go.klarlabs.de/briefkasten/config.go:181.2,181.26 1 2
go.klarlabs.de/briefkasten/config.go:184.39,185.34 1 52
go.klarlabs.de/briefkasten/config.go:185.34,187.3 1 12
go.klarlabs.de/briefkasten/config.go:192.43,193.21 1 40
go.klarlabs.de/briefkasten/config.go:193.21,195.3 1 18
go.klarlabs.de/briefkasten/config.go:196.2,196.23 1 22
go.klarlabs.de/briefkasten/config.go:196.23,198.3 1 2
go.klarlabs.de/briefkasten/config.go:199.2,199.18 1 20
go.klarlabs.de/briefkasten/config.go:204.58,205.49 1 35
go.klarlabs.de/briefkasten/config.go:206.17,208.17 2 22
go.klarlabs.de/briefkasten/config.go:208.17,210.4 1 1
go.klarlabs.de/briefkasten/config.go:211.3,211.41 1 21
go.klarlabs.de/briefkasten/config.go:212.14,213.27 1 8
go.klarlabs.de/briefkasten/config.go:213.27,214.95 1 4
go.klarlabs.de/briefkasten/config.go:214.95,216.5 1 1
go.klarlabs.de/briefkasten/config.go:218.3,226.17 2 7
go.klarlabs.de/briefkasten/config.go:226.17,228.4 1 1
go.klarlabs.de/briefkasten/config.go:230.3,230.71 1 6
go.klarlabs.de/briefkasten/config.go:231.10,232.91 1 5
go.klarlabs.de/briefkasten/config.go:239.41,240.29 1 3
go.klarlabs.de/briefkasten/config.go:241.17,242.34 1 1
go.klarlabs.de/briefkasten/config.go:243.14,254.5 1 1
go.klarlabs.de/briefkasten/config.go:255.10,256.13 1 1
go.klarlabs.de/briefkasten/config.go:263.56,264.30 1 14
go.klarlabs.de/briefkasten/config.go:264.30,265.34 1 7
go.klarlabs.de/briefkasten/config.go:265.34,266.109 1 2
go.klarlabs.de/briefkasten/config.go:266.109,268.5 1 2
go.klarlabs.de/briefkasten/config.go:270.3,279.17 2 5
go.klarlabs.de/briefkasten/config.go:279.17,281.4 1 1
go.klarlabs.de/briefkasten/config.go:282.3,282.51 1 4
go.klarlabs.de/briefkasten/config.go:284.2,285.16 2 7
go.klarlabs.de/briefkasten/config.go:285.16,287.3 1 2
go.klarlabs.de/briefkasten/config.go:288.2,288.50 1 5
go.klarlabs.de/briefkasten/config.go:294.57,295.24 1 7
go.klarlabs.de/briefkasten/config.go:295.24,297.3 1 1
go.klarlabs.de/briefkasten/config.go:298.2,299.16 2 6
go.klarlabs.de/briefkasten/config.go:299.16,301.3 1 3
go.klarlabs.de/briefkasten/config.go:302.2,303.16 2 3
go.klarlabs.de/briefkasten/config.go:303.16,305.3 1 1
go.klarlabs.de/briefkasten/config.go:306.2,306.22 1 2
go.klarlabs.de/briefkasten/runtime.go:16.65,18.16 2 15
go.klarlabs.de/briefkasten/runtime.go:18.16,20.3 1 1
go.klarlabs.de/briefkasten/runtime.go:21.2,22.16 2 14
go.klarlabs.de/briefkasten/runtime.go:22.16,24.3 1 1
go.klarlabs.de/briefkasten/runtime.go:29.2,33.26 2 13
go.klarlabs.de/briefkasten/runtime.go:33.26,35.18 2 5
go.klarlabs.de/briefkasten/runtime.go:35.18,37.4 1 1
go.klarlabs.de/briefkasten/runtime.go:38.3,40.17 3 4
go.klarlabs.de/briefkasten/runtime.go:40.17,42.4 1 1
go.klarlabs.de/briefkasten/runtime.go:45.2,47.15 3 11
go.klarlabs.de/briefkasten/runtime.go:47.15,49.3 1 3
go.klarlabs.de/briefkasten/runtime.go:50.2,51.23 2 11
go.klarlabs.de/briefkasten/runtime.go:51.23,53.3 1 10
go.klarlabs.de/briefkasten/runtime.go:54.2,54.21 1 11
go.klarlabs.de/briefkasten/runtime.go:101.76,103.16 2 8
go.klarlabs.de/briefkasten/runtime.go:103.16,108.3 4 4
go.klarlabs.de/briefkasten/runtime.go:109.2,109.71 1 8
go.klarlabs.de/briefkasten/runtime.go:109.71,116.3 2 6
go.klarlabs.de/briefkasten/runtime.go:116.8,116.36 1 2
go.klarlabs.de/briefkasten/runtime.go:116.36,118.3 1 1
go.klarlabs.de/briefkasten/runtime.go:119.2,119.22 1 8
go.klarlabs.de/briefkasten/runtime.go:119.22,121.3 1 1
go.klarlabs.de/briefkasten/runtime.go:122.2,122.26 1 8
go.klarlabs.de/briefkasten/runtime.go:122.26,124.3 1 1
go.klarlabs.de/briefkasten/runtime.go:125.2,125.26 1 8
go.klarlabs.de/briefkasten/runtime.go:125.26,127.3 1 4
go.klarlabs.de/briefkasten/runtime.go:128.2,128.22 1 8
go.klarlabs.de/briefkasten/runtime.go:128.22,130.3 1 1
go.klarlabs.de/briefkasten/runtime.go:131.2,131.25 1 8
go.klarlabs.de/briefkasten/runtime.go:131.25,133.3 1 1
go.klarlabs.de/briefkasten/runtime.go:134.2,134.23 1 8
go.klarlabs.de/briefkasten/runtime.go:134.23,136.3 1 1
go.klarlabs.de/briefkasten/runtime.go:137.2,137.10 1 8
go.klarlabs.de/briefkasten/runtime.go:140.100,146.71 2 10
go.klarlabs.de/briefkasten/runtime.go:146.71,161.24 4 2
go.klarlabs.de/briefkasten/runtime.go:161.24,163.5 1 1
go.klarlabs.de/briefkasten/runtime.go:164.4,164.19 1 2
go.klarlabs.de/briefkasten/runtime.go:167.2,176.29 1 10
go.klarlabs.de/briefkasten/runtime.go:176.29,182.24 4 9
go.klarlabs.de/briefkasten/runtime.go:182.24,184.5 1 6
go.klarlabs.de/briefkasten/runtime.go:185.4,185.24 1 9
go.klarlabs.de/briefkasten/runtime.go:185.24,187.5 1 2
go.klarlabs.de/briefkasten/runtime.go:188.4,188.22 1 9
go.klarlabs.de/briefkasten/runtime.go:188.22,189.27 1 4
go.klarlabs.de/briefkasten/runtime.go:189.27,191.6 1 4
go.klarlabs.de/briefkasten/runtime.go:192.5,192.31 1 4
go.klarlabs.de/briefkasten/runtime.go:192.31,194.6 1 4
go.klarlabs.de/briefkasten/runtime.go:195.5,195.31 1 4
go.klarlabs.de/briefkasten/runtime.go:195.31,197.6 1 1
go.klarlabs.de/briefkasten/runtime.go:198.5,198.30 1 4
go.klarlabs.de/briefkasten/runtime.go:198.30,200.6 1 1
go.klarlabs.de/briefkasten/runtime.go:201.5,201.32 1 4
go.klarlabs.de/briefkasten/runtime.go:201.32,203.6 1 1
go.klarlabs.de/briefkasten/runtime.go:204.5,204.30 1 4
go.klarlabs.de/briefkasten/runtime.go:204.30,206.6 1 3
go.klarlabs.de/briefkasten/runtime.go:208.4,208.24 1 9
go.klarlabs.de/briefkasten/runtime.go:208.24,209.29 1 3
go.klarlabs.de/briefkasten/runtime.go:209.29,211.6 1 1
go.klarlabs.de/briefkasten/runtime.go:212.5,212.35 1 3
go.klarlabs.de/briefkasten/runtime.go:212.35,214.6 1 1
go.klarlabs.de/briefkasten/runtime.go:215.5,215.40 1 3
go.klarlabs.de/briefkasten/runtime.go:215.40,216.23 1 3
go.klarlabs.de/briefkasten/runtime.go:216.23,218.7 1 3
go.klarlabs.de/briefkasten/runtime.go:219.6,219.27 1 3
go.klarlabs.de/briefkasten/runtime.go:219.27,221.7 1 1
go.klarlabs.de/briefkasten/runtime.go:222.6,222.27 1 3
go.klarlabs.de/briefkasten/runtime.go:222.27,224.7 1 1
go.klarlabs.de/briefkasten/runtime.go:225.6,225.31 1 3
go.klarlabs.de/briefkasten/runtime.go:225.31,227.7 1 1
go.klarlabs.de/briefkasten/runtime.go:228.6,228.28 1 3
go.klarlabs.de/briefkasten/runtime.go:228.28,230.7 1 1
go.klarlabs.de/briefkasten/runtime.go:231.6,231.26 1 3
go.klarlabs.de/briefkasten/runtime.go:231.26,233.7 1 1
go.klarlabs.de/briefkasten/runtime.go:239.4,240.18 2 9
go.klarlabs.de/briefkasten/runtime.go:240.18,242.5 1 1
go.klarlabs.de/briefkasten/runtime.go:243.4,245.48 3 8
go.klarlabs.de/briefkasten/runtime.go:245.48,247.19 2 3
go.klarlabs.de/briefkasten/runtime.go:247.19,249.6 1 1
go.klarlabs.de/briefkasten/runtime.go:252.4,254.24 3 7
go.klarlabs.de/briefkasten/runtime.go:254.24,256.5 1 2
go.klarlabs.de/briefkasten/runtime.go:258.4,259.19 2 7
go.klarlabs.de/briefkasten/runtime.go:259.19,261.5 1 2
go.klarlabs.de/briefkasten/runtime.go:262.4,262.24 1 7
go.klarlabs.de/briefkasten/runtime.go:262.24,263.38 1 2
go.klarlabs.de/briefkasten/runtime.go:263.38,267.6 3 1
go.klarlabs.de/briefkasten/runtime.go:268.5,268.31 1 1
go.klarlabs.de/briefkasten/runtime.go:269.10,271.5 1 5
go.klarlabs.de/briefkasten/runtime.go:272.4,272.22 1 6
go.klarlabs.de/briefkasten/application/outbox.go:25.72,27.2 1 6
go.klarlabs.de/briefkasten/application/outbox.go:30.70,31.39 1 0
go.klarlabs.de/briefkasten/application/outbox.go:31.39,33.3 1 0
go.klarlabs.de/briefkasten/application/outbox.go:34.2,35.42 2 0
go.klarlabs.de/briefkasten/application/outbox.go:35.42,37.3 1 0
go.klarlabs.de/briefkasten/application/outbox.go:38.2,43.43 5 0
go.klarlabs.de/briefkasten/application/outbox.go:43.43,45.3 1 0
go.klarlabs.de/briefkasten/application/outbox.go:46.2,46.20 1 0
go.klarlabs.de/briefkasten/application/outbox.go:50.68,54.2 3 0
go.klarlabs.de/briefkasten/application/outbox.go:57.41,61.16 4 0
go.klarlabs.de/briefkasten/application/outbox.go:61.16,63.3 1 0
go.klarlabs.de/briefkasten/application/outbox.go:64.2,64.31 1 0
go.klarlabs.de/briefkasten/application/outbox.go:68.57,72.44 4 0
go.klarlabs.de/briefkasten/application/outbox.go:72.44,74.17 2 0
go.klarlabs.de/briefkasten/application/outbox.go:74.17,76.4 1 0
go.klarlabs.de/briefkasten/application/outbox.go:77.3,77.17 1 0
go.klarlabs.de/briefkasten/application/outbox.go:77.17,79.4 1 0
go.klarlabs.de/briefkasten/application/outbox.go:80.3,80.19 1 0
go.klarlabs.de/briefkasten/application/outbox.go:82.2,82.17 1 0
go.klarlabs.de/briefkasten/application/outbox.go:90.64,94.16 4 0
go.klarlabs.de/briefkasten/application/outbox.go:94.16,96.3 1 0
go.klarlabs.de/briefkasten/application/outbox.go:98.2,100.25 3 0
go.klarlabs.de/briefkasten/application/outbox.go:100.25,103.17 3 0
go.klarlabs.de/briefkasten/application/outbox.go:103.17,105.12 2 0
go.klarlabs.de/briefkasten/application/outbox.go:109.3,110.47 2 0
go.klarlabs.de/briefkasten/application/outbox.go:110.47,112.12 2 0
go.klarlabs.de/briefkasten/application/outbox.go:114.3,119.21 4 0
go.klarlabs.de/briefkasten/application/outbox.go:119.21,121.48 2 0
go.klarlabs.de/briefkasten/application/outbox.go:121.48,123.5 1 0
go.klarlabs.de/briefkasten/application/outbox.go:124.9,126.51 2 0
go.klarlabs.de/briefkasten/application/outbox.go:126.51,128.5 1 0
go.klarlabs.de/briefkasten/application/outbox.go:128.10,130.5 1 0
go.klarlabs.de/briefkasten/application/outbox.go:132.3,132.16 1 0
go.klarlabs.de/briefkasten/application/outbox.go:134.2,134.40 1 0
go.klarlabs.de/briefkasten/application/outbox.go:157.34,163.44 5 6
go.klarlabs.de/briefkasten/application/outbox.go:163.44,165.17 2 24
go.klarlabs.de/briefkasten/application/outbox.go:165.17,167.4 1 0
go.klarlabs.de/briefkasten/application/outbox.go:168.3,169.26 2 24
go.klarlabs.de/briefkasten/application/outbox.go:169.26,171.4 1 2
go.klarlabs.de/briefkasten/application/outbox.go:174.2,176.31 3 6
go.klarlabs.de/briefkasten/application/outbox.go:176.31,177.22 1 1
go.klarlabs.de/briefkasten/application/outbox.go:177.22,178.12 1 0
go.klarlabs.de/briefkasten/application/outbox.go:180.3,180.36 1 1
go.klarlabs.de/briefkasten/application/outbox.go:180.36,181.104 1 3
go.klarlabs.de/briefkasten/application/outbox.go:181.104,182.51 1 1
go.klarlabs.de/briefkasten/application/outbox.go:182.51,184.6 1 1
go.klarlabs.de/briefkasten/application/outbox.go:184.11,186.6 1 0
go.klarlabs.de/briefkasten/application/outbox.go:187.5,187.10 1 1
go.klarlabs.de/briefkasten/application/outbox.go:192.2,192.40 1 6
go.klarlabs.de/briefkasten/application/outbox.go:192.40,193.27 1 1
go.klarlabs.de/briefkasten/application/outbox.go:193.27,194.12 1 0
go.klarlabs.de/briefkasten/application/outbox.go:196.3,197.17 2 1
go.klarlabs.de/briefkasten/application/outbox.go:197.17,199.12 2 0
go.klarlabs.de/briefkasten/application/outbox.go:201.3,201.29 1 1
go.klarlabs.de/briefkasten/application/outbox.go:201.29,202.12 1 0
go.klarlabs.de/briefkasten/application/outbox.go:204.3,205.47 2 1
go.klarlabs.de/briefkasten/application/outbox.go:205.47,207.4 1 0
go.klarlabs.de/briefkasten/application/outbox.go:209.2,209.29 1 6
go.klarlabs.de/briefkasten/application/outbox.go:214.73,216.16 2 1
go.klarlabs.de/briefkasten/application/outbox.go:216.16,218.3 1 0
go.klarlabs.de/briefkasten/application/outbox.go:219.2,221.44 3 1
go.klarlabs.de/briefkasten/application/outbox.go:221.44,223.3 1 0
go.klarlabs.de/briefkasten/application/outbox.go:224.2,224.36 1 1
go.klarlabs.de/briefkasten/application/service.go:26.86,28.2 1 12
go.klarlabs.de/briefkasten/application/service.go:31.75,33.19 2 3
go.klarlabs.de/briefkasten/application/service.go:33.19,35.10 2 0
go.klarlabs.de/briefkasten/application/service.go:35.10,37.4 1 0
go.klarlabs.de/briefkasten/application/service.go:38.3,38.14 1 0
go.klarlabs.de/briefkasten/application/service.go:40.2,40.18 1 3
go.klarlabs.de/briefkasten/application/service.go:40.18,42.3 1 3
go.klarlabs.de/briefkasten/application/service.go:43.2,44.9 2 0
go.klarlabs.de/briefkasten/application/service.go:44.9,46.3 1 0
go.klarlabs.de/briefkasten/application/service.go:47.2,47.28 1 0
go.klarlabs.de/briefkasten/application/service.go:51.72,53.16 2 3
go.klarlabs.de/briefkasten/application/service.go:53.16,55.3 1 0
go.klarlabs.de/briefkasten/application/service.go:56.2,57.16 2 3
go.klarlabs.de/briefkasten/application/service.go:57.16,59.3 1 0
go.klarlabs.de/briefkasten/application/service.go:60.2,60.16 1 3
go.klarlabs.de/briefkasten/application/service.go:60.16,62.3 1 0
go.klarlabs.de/briefkasten/application/service.go:63.2,63.17 1 3
go.klarlabs.de/briefkasten/application/service.go:67.68,69.16 2 0
go.klarlabs.de/briefkasten/application/service.go:69.16,71.3 1 0
go.klarlabs.de/briefkasten/application/service.go:72.2,72.22 1 0
go.klarlabs.de/briefkasten/application/service.go:76.62,78.16 2 0
go.klarlabs.de/briefkasten/application/service.go:78.16,80.3 1 0
go.klarlabs.de/briefkasten/application/service.go:81.2,81.25 1 0
go.klarlabs.de/briefkasten/application/service.go:86.75,88.16 2 0
go.klarlabs.de/briefkasten/application/service.go:88.16,90.3 1 0
go.klarlabs.de/briefkasten/application/service.go:91.2,92.16 2 0
go.klarlabs.de/briefkasten/application/service.go:92.16,94.3 1 0
go.klarlabs.de/briefkasten/application/service.go:95.2,95.16 1 0
go.klarlabs.de/briefkasten/application/service.go:95.16,97.3 1 0
go.klarlabs.de/briefkasten/application/service.go:98.2,98.17 1 0
go.klarlabs.de/briefkasten/application/service.go:102.61,104.16 2 0
go.klarlabs.de/briefkasten/application/service.go:104.16,106.3 1 0
go.klarlabs.de/briefkasten/application/service.go:107.2,107.46 1 0
go.klarlabs.de/briefkasten/application/service.go:107.46,109.3 1 0
go.klarlabs.de/briefkasten/application/service.go:110.2,110.31 1 0
go.klarlabs.de/briefkasten/application/service.go:114.39,116.31 2 0
go.klarlabs.de/briefkasten/application/service.go:116.31,118.3 1 0
go.klarlabs.de/briefkasten/application/service.go:119.2,120.14 2 0
go.klarlabs.de/briefkasten/application/service.go:125.61,127.16 2 0
go.klarlabs.de/briefkasten/application/service.go:127.16,129.3 1 0
go.klarlabs.de/briefkasten/application/service.go:130.2,130.23 1 0
go.klarlabs.de/briefkasten/application/service.go:135.60,137.16 2 0
go.klarlabs.de/briefkasten/application/service.go:137.16,139.3 1 0
go.klarlabs.de/briefkasten/application/service.go:140.2,140.22 1 0
go.klarlabs.de/briefkasten/application/service.go:143.75,145.16 2 0
go.klarlabs.de/briefkasten/application/service.go:145.16,147.3 1 0
go.klarlabs.de/briefkasten/application/service.go:148.2,149.9 2 0
go.klarlabs.de/briefkasten/application/service.go:149.9,151.3 1 0
go.klarlabs.de/briefkasten/application/service.go:152.2,152.16 1 0
go.klarlabs.de/briefkasten/application/service.go:157.71,158.39 1 0
go.klarlabs.de/briefkasten/application/service.go:158.39,160.3 1 0
go.klarlabs.de/briefkasten/application/service.go:161.2,162.16 2 0
go.klarlabs.de/briefkasten/application/service.go:162.16,164.3 1 0
go.klarlabs.de/briefkasten/application/service.go:165.2,167.25 3 0
go.klarlabs.de/briefkasten/application/service.go:167.25,169.17 2 0
go.klarlabs.de/briefkasten/application/service.go:169.17,170.12 1 0
go.klarlabs.de/briefkasten/application/service.go:172.3,172.49 1 0
go.klarlabs.de/briefkasten/application/service.go:172.49,174.4 1 0
go.klarlabs.de/briefkasten/application/service.go:176.2,176.17 1 0
go.klarlabs.de/briefkasten/application/switchable.go:19.51,21.2 1 11
go.klarlabs.de/briefkasten/application/switchable.go:24.46,28.2 3 7
go.klarlabs.de/briefkasten/application/switchable.go:30.47,34.2 3 2
go.klarlabs.de/briefkasten/application/switchable.go:37.53,37.88 1 2
go.klarlabs.de/briefkasten/application/switchable.go:40.55,40.87 1 0
go.klarlabs.de/briefkasten/application/switchable.go:43.48,43.83 1 0
go.klarlabs.de/briefkasten/application/switchable.go:46.61,48.2 1 0
go.klarlabs.de/briefkasten/application/switchable.go:51.50,52.54 1 0
go.klarlabs.de/briefkasten/application/switchable.go:52.54,54.3 1 0
go.klarlabs.de/briefkasten/application/switchable.go:55.2,55.31 1 0
go.klarlabs.de/briefkasten/application/switchable.go:59.68,60.54 1 0
go.klarlabs.de/briefkasten/application/switchable.go:60.54,62.3 1 0
go.klarlabs.de/briefkasten/application/switchable.go:63.2,63.21 1 0
go.klarlabs.de/briefkasten/application/switchable.go:63.21,65.3 1 0
go.klarlabs.de/briefkasten/application/switchable.go:66.2,66.70 1 0
go.klarlabs.de/briefkasten/application/switchable.go:70.47,72.9 2 0
go.klarlabs.de/briefkasten/application/switchable.go:72.9,74.3 1 0
go.klarlabs.de/briefkasten/application/switchable.go:75.2,75.23 1 0
go.klarlabs.de/briefkasten/application/switchable.go:79.46,81.9 2 0
go.klarlabs.de/briefkasten/application/switchable.go:81.9,83.3 1 0
go.klarlabs.de/briefkasten/application/switchable.go:84.2,84.22 1 0
go.klarlabs.de/briefkasten/application/switchable_sender.go:21.61,23.2 1 4
go.klarlabs.de/briefkasten/application/switchable_sender.go:26.53,30.2 3 2
go.klarlabs.de/briefkasten/application/switchable_sender.go:33.88,38.2 4 0
go.klarlabs.de/briefkasten/cmd/briefkasten/cli.go:20.72,21.42 1 0
go.klarlabs.de/briefkasten/cmd/briefkasten/cli.go:21.42,23.3 1 0
go.klarlabs.de/briefkasten/cmd/briefkasten/cli.go:25.2,39.39 15 0
go.klarlabs.de/briefkasten/cmd/briefkasten/cli.go:39.39,41.3 1 0
go.klarlabs.de/briefkasten/cmd/briefkasten/cli.go:43.2,44.16 2 0
go.klarlabs.de/briefkasten/cmd/briefkasten/cli.go:44.16,47.3 2 0
go.klarlabs.de/briefkasten/cmd/briefkasten/cli.go:51.2,52.37 2 0
go.klarlabs.de/briefkasten/cmd/briefkasten/cli.go:52.37,55.3 2 0
go.klarlabs.de/briefkasten/cmd/briefkasten/cli.go:57.2,57.42 1 0
go.klarlabs.de/briefkasten/cmd/briefkasten/cli.go:57.42,58.14 1 0
go.klarlabs.de/briefkasten/cmd/briefkasten/cli.go:58.14,62.4 3 0
go.klarlabs.de/briefkasten/cmd/briefkasten/cli.go:63.3,63.30 1 0
go.klarlabs.de/briefkasten/cmd/briefkasten/cli.go:66.2,66.13 1 0
go.klarlabs.de/briefkasten/cmd/briefkasten/cli.go:67.14,69.17 2 0
go.klarlabs.de/briefkasten/cmd/briefkasten/cli.go:69.17,72.4 2 0
go.klarlabs.de/briefkasten/cmd/briefkasten/cli.go:73.3,73.60 1 0
go.klarlabs.de/briefkasten/cmd/briefkasten/cli.go:75.14,77.15 2 0
go.klarlabs.de/briefkasten/cmd/briefkasten/cli.go:77.15,80.4 2 0
go.klarlabs.de/briefkasten/cmd/briefkasten/cli.go:81.3,82.17 2 0
go.klarlabs.de/briefkasten/cmd/briefkasten/cli.go:82.17,85.4 2 0
go.klarlabs.de/briefkasten/cmd/briefkasten/cli.go:86.3,86.36 1 0
go.klarlabs.de/briefkasten/cmd/briefkasten/cli.go:88.14,90.15 2 0
go.klarlabs.de/briefkasten/cmd/briefkasten/cli.go:90.15,93.4 2 0
go.klarlabs.de/briefkasten/cmd/briefkasten/cli.go:94.3,94.61 1 0
go.klarlabs.de/briefkasten/cmd/briefkasten/cli.go:94.61,97.4 2 0
go.klarlabs.de/briefkasten/cmd/briefkasten/cli.go:98.3,98.58 1 0
go.klarlabs.de/briefkasten/cmd/briefkasten/cli.go:100.16,102.18 2 0
go.klarlabs.de/briefkasten/cmd/briefkasten/cli.go:102.18,105.4 2 0
go.klarlabs.de/briefkasten/cmd/briefkasten/cli.go:106.3,107.17 2 0
go.klarlabs.de/briefkasten/cmd/briefkasten/cli.go:107.17,110.4 2 0
go.klarlabs.de/briefkasten/cmd/briefkasten/cli.go:111.3,111.60 1 0
go.klarlabs.de/briefkasten/cmd/briefkasten/cli.go:113.17,115.17 2 0
go.klarlabs.de/briefkasten/cmd/briefkasten/cli.go:115.17,118.4 2 0
go.klarlabs.de/briefkasten/cmd/briefkasten/cli.go:119.3,119.72 1 0
go.klarlabs.de/briefkasten/cmd/briefkasten/cli.go:121.14,123.17 2 0
go.klarlabs.de/briefkasten/cmd/briefkasten/cli.go:123.17,126.4 2 0
go.klarlabs.de/briefkasten/cmd/briefkasten/cli.go:127.3,127.16 1 0
go.klarlabs.de/briefkasten/cmd/briefkasten/cli.go:127.16,130.4 2 0
go.klarlabs.de/briefkasten/cmd/briefkasten/cli.go:131.3,132.60 2 0
go.klarlabs.de/briefkasten/cmd/briefkasten/cli.go:132.60,135.4 2 0
go.klarlabs.de/briefkasten/cmd/briefkasten/cli.go:136.3,137.17 2 0
go.klarlabs.de/briefkasten/cmd/briefkasten/cli.go:137.17,140.4 2 0
go.klarlabs.de/briefkasten/cmd/briefkasten/cli.go:141.3,148.17 2 0
go.klarlabs.de/briefkasten/cmd/briefkasten/cli.go:148.17,151.4 2 0
go.klarlabs.de/briefkasten/cmd/briefkasten/cli.go:153.3,153.58 1 0
go.klarlabs.de/briefkasten/cmd/briefkasten/cli.go:153.58,156.4 2 0
go.klarlabs.de/briefkasten/cmd/briefkasten/cli.go:157.3,158.91 2 0
go.klarlabs.de/briefkasten/cmd/briefkasten/cli.go:160.15,162.15 2 0
go.klarlabs.de/briefkasten/cmd/briefkasten/cli.go:162.15,165.4 2 0
go.klarlabs.de/briefkasten/cmd/briefkasten/cli.go:166.3,167.17 2 0
go.klarlabs.de/briefkasten/cmd/briefkasten/cli.go:167.17,170.4 2 0
go.klarlabs.de/briefkasten/cmd/briefkasten/cli.go:171.3,171.16 1 0
go.klarlabs.de/briefkasten/cmd/briefkasten/cli.go:171.16,174.4 2 0
go.klarlabs.de/briefkasten/cmd/briefkasten/cli.go:175.3,175.38 1 0
go.klarlabs.de/briefkasten/cmd/briefkasten/cli.go:175.38,178.4 2 0
go.klarlabs.de/briefkasten/cmd/briefkasten/cli.go:179.3,179.58 1 0
go.klarlabs.de/briefkasten/cmd/briefkasten/cli.go:179.58,182.4 2 0
go.klarlabs.de/briefkasten/cmd/briefkasten/cli.go:183.3,186.22 4 0
go.klarlabs.de/briefkasten/cmd/briefkasten/cli.go:186.22,189.4 2 0
go.klarlabs.de/briefkasten/cmd/briefkasten/cli.go:190.3,190.23 1 0
go.klarlabs.de/briefkasten/cmd/briefkasten/cli.go:192.16,194.17 2 0
go.klarlabs.de/briefkasten/cmd/briefkasten/cli.go:194.17,197.4 2 0
go.klarlabs.de/briefkasten/cmd/briefkasten/cli.go:198.3,198.16 1 0
go.klarlabs.de/briefkasten/cmd/briefkasten/cli.go:198.16,201.4 2 0
go.klarlabs.de/briefkasten/cmd/briefkasten/cli.go:202.3,203.17 2 0
go.klarlabs.de/briefkasten/cmd/briefkasten/cli.go:203.17,206.4 2 0
go.klarlabs.de/briefkasten/cmd/briefkasten/cli.go:207.3,208.73 2 0
go.klarlabs.de/briefkasten/cmd/briefkasten/cli.go:208.73,209.38 1 0
go.klarlabs.de/briefkasten/cmd/briefkasten/cli.go:209.38,211.5 1 0
go.klarlabs.de/briefkasten/cmd/briefkasten/cli.go:213.3,213.43 1 0
go.klarlabs.de/briefkasten/cmd/briefkasten/cli.go:215.27,217.15 2 0
go.klarlabs.de/briefkasten/cmd/briefkasten/cli.go:217.15,220.4 2 0
go.klarlabs.de/briefkasten/cmd/briefkasten/cli.go:223.3,223.54 1 0
go.klarlabs.de/briefkasten/cmd/briefkasten/cli.go:223.54,226.4 2 0
go.klarlabs.de/briefkasten/cmd/briefkasten/cli.go:227.3,228.22 2 0
go.klarlabs.de/briefkasten/cmd/briefkasten/cli.go:228.22,230.4 1 0
go.klarlabs.de/briefkasten/cmd/briefkasten/cli.go:231.3,231.51 1 0
go.klarlabs.de/briefkasten/cmd/briefkasten/cli.go:231.51,234.4 2 0
go.klarlabs.de/briefkasten/cmd/briefkasten/cli.go:235.3,235.59 1 0
go.klarlabs.de/briefkasten/cmd/briefkasten/cli.go:237.10,245.11 2 0
go.klarlabs.de/briefkasten/cmd/briefkasten/cli.go:247.2,247.10 1 0
go.klarlabs.de/briefkasten/cmd/briefkasten/cli.go:251.79,256.2 4 0
go.klarlabs.de/briefkasten/cmd/briefkasten/cli.go:258.67,260.16 2 0
go.klarlabs.de/briefkasten/cmd/briefkasten/cli.go:260.16,262.3 1 0
go.klarlabs.de/briefkasten/cmd/briefkasten/cli.go:263.2,263.16 1 0
go.klarlabs.de/briefkasten/cmd/briefkasten/cli.go:263.16,264.56 1 0
go.klarlabs.de/briefkasten/cmd/briefkasten/cli.go:264.56,266.4 1 0
go.klarlabs.de/briefkasten/cmd/briefkasten/cli.go:268.2,269.16 2 0
go.klarlabs.de/briefkasten/cmd/briefkasten/cli.go:269.16,271.3 1 0
go.klarlabs.de/briefkasten/cmd/briefkasten/cli.go:272.2,273.17 2 0
go.klarlabs.de/briefkasten/cmd/briefkasten/cli.go:276.36,277.13 1 0
go.klarlabs.de/briefkasten/cmd/briefkasten/cli.go:278.33,279.15 1 0
go.klarlabs.de/briefkasten/cmd/briefkasten/cli.go:280.10,281.14 1 0
go.klarlabs.de/briefkasten/cmd/briefkasten/cli.go:286.37,288.47 2 0
go.klarlabs.de/briefkasten/cmd/briefkasten/cli.go:288.47,289.44 1 0
go.klarlabs.de/briefkasten/cmd/briefkasten/cli.go:289.44,291.4 1 0
go.klarlabs.de/briefkasten/cmd/briefkasten/cli.go:293.2,293.12 1 0
go.klarlabs.de/briefkasten/cmd/briefkasten/cli.go:299.38,299.71 1 0
go.klarlabs.de/briefkasten/cmd/briefkasten/cli.go:301.42,304.2 2 0
go.klarlabs.de/briefkasten/cmd/briefkasten/cli.go:308.72,309.21 1 0
go.klarlabs.de/briefkasten/cmd/briefkasten/cli.go:309.21,311.3 1 0
go.klarlabs.de/briefkasten/cmd/briefkasten/cli.go:312.2,313.26 2 0
go.klarlabs.de/briefkasten/cmd/briefkasten/cli.go:313.26,315.17 2 0
go.klarlabs.de/briefkasten/cmd/briefkasten/cli.go:315.17,317.4 1 0
go.klarlabs.de/briefkasten/cmd/briefkasten/cli.go:318.3,319.18 2 0
go.klarlabs.de/briefkasten/cmd/briefkasten/cli.go:319.18,321.4 1 0
go.klarlabs.de/briefkasten/cmd/briefkasten/cli.go:322.3,326.5 1 0
go.klarlabs.de/briefkasten/cmd/briefkasten/cli.go:328.2,328.18 1 0
go.klarlabs.de/briefkasten/cmd/briefkasten/cli.go:333.74,335.16 2 0
go.klarlabs.de/briefkasten/cmd/briefkasten/cli.go:335.16,337.3 1 0
go.klarlabs.de/briefkasten/cmd/briefkasten/cli.go:338.2,339.16 2 0
go.klarlabs.de/briefkasten/cmd/briefkasten/cli.go:339.16,341.3 1 0
go.klarlabs.de/briefkasten/cmd/briefkasten/cli.go:342.2,342.51 1 0
go.klarlabs.de/briefkasten/cmd/briefkasten/main.go:46.13,47.49 1 0
go.klarlabs.de/briefkasten/cmd/briefkasten/main.go:47.49,50.3 2 0
go.klarlabs.de/briefkasten/cmd/briefkasten/main.go:51.2,51.59 1 0
go.klarlabs.de/briefkasten/cmd/briefkasten/main.go:54.36,54.67 1 0
go.klarlabs.de/briefkasten/cmd/briefkasten/main.go:57.18,61.16 3 0
go.klarlabs.de/briefkasten/cmd/briefkasten/main.go:61.16,64.3 2 0
go.klarlabs.de/briefkasten/cmd/briefkasten/main.go:66.2,67.16 2 0
go.klarlabs.de/briefkasten/cmd/briefkasten/main.go:67.16,70.3 2 0
go.klarlabs.de/briefkasten/cmd/briefkasten/main.go:72.2,76.19 3 0
go.klarlabs.de/briefkasten/cmd/briefkasten/main.go:76.19,77.13 1 0
go.klarlabs.de/briefkasten/cmd/briefkasten/main.go:77.13,80.8 3 0
go.klarlabs.de/briefkasten/cmd/briefkasten/main.go:80.8,81.12 1 0
go.klarlabs.de/briefkasten/cmd/briefkasten/main.go:82.23,83.12 1 0
go.klarlabs.de/briefkasten/cmd/briefkasten/main.go:84.21,85.55 1 0
go.klarlabs.de/briefkasten/cmd/briefkasten/main.go:85.55,87.7 1 0
go.klarlabs.de/briefkasten/cmd/briefkasten/main.go:87.12,87.22 1 0
go.klarlabs.de/briefkasten/cmd/briefkasten/main.go:87.22,89.7 1 0
go.klarlabs.de/briefkasten/cmd/briefkasten/main.go:98.2,98.51 1 0
go.klarlabs.de/briefkasten/cmd/briefkasten/main.go:98.51,99.13 1 0
go.klarlabs.de/briefkasten/cmd/briefkasten/main.go:99.13,100.37 1 0
go.klarlabs.de/briefkasten/cmd/briefkasten/main.go:100.37,101.85 1 0
go.klarlabs.de/briefkasten/cmd/briefkasten/main.go:101.85,103.6 1 0
go.klarlabs.de/briefkasten/cmd/briefkasten/main.go:105.4,105.38 1 0
go.klarlabs.de/briefkasten/cmd/briefkasten/main.go:105.38,107.5 1 0
go.klarlabs.de/briefkasten/cmd/briefkasten/main.go:111.2,118.78 2 0
go.klarlabs.de/briefkasten/cmd/briefkasten/main.go:118.78,121.3 2 0
go.klarlabs.de/briefkasten/cmd/briefkasten/main.go:122.2,122.10 1 0
go.klarlabs.de/briefkasten/domain/outbound.go:51.41,52.39 1 10
go.klarlabs.de/briefkasten/domain/outbound.go:52.39,54.3 1 0
go.klarlabs.de/briefkasten/domain/outbound.go:55.2,55.51 1 10
go.klarlabs.de/briefkasten/domain/outbound.go:55.51,57.3 1 0
go.klarlabs.de/briefkasten/domain/outbound.go:58.2,58.12 1 10
go.klarlabs.de/briefkasten/domain/outbound.go:62.43,63.20 1 0
go.klarlabs.de/briefkasten/domain/outbound.go:63.20,65.3 1 0
go.klarlabs.de/briefkasten/domain/outbound.go:66.2,66.26 1 0
go.klarlabs.de/briefkasten/domain/outbound.go:66.26,67.45 1 0
go.klarlabs.de/briefkasten/domain/outbound.go:67.45,69.4 1 0
go.klarlabs.de/briefkasten/domain/outbound.go:71.2,72.34 2 0
go.klarlabs.de/briefkasten/domain/outbound.go:72.34,73.10 1 0
go.klarlabs.de/briefkasten/domain/outbound.go:74.25,75.65 1 0
go.klarlabs.de/briefkasten/domain/outbound.go:76.28,77.78 1 0
go.klarlabs.de/briefkasten/domain/outbound.go:78.28,79.67 1 0
go.klarlabs.de/briefkasten/domain/outbound.go:80.44,81.125 1 0
go.klarlabs.de/briefkasten/domain/outbound.go:83.3,83.26 1 0
go.klarlabs.de/briefkasten/domain/outbound.go:85.2,85.29 1 0
go.klarlabs.de/briefkasten/domain/outbound.go:85.29,87.3 1 0
go.klarlabs.de/briefkasten/domain/outbound.go:88.2,88.12 1 0
go.klarlabs.de/briefkasten/domain/outbox.go:17.80,27.16 2 1
go.klarlabs.de/briefkasten/domain/outbox.go:27.16,29.3 1 0
go.klarlabs.de/briefkasten/domain/outbox.go:30.2,32.20 3 1
go.klarlabs.de/briefkasten/domain/outbox.go:38.53,40.16 2 1
go.klarlabs.de/briefkasten/domain/outbox.go:40.16,42.3 1 0
go.klarlabs.de/briefkasten/domain/outbox.go:43.2,45.16 3 1
go.klarlabs.de/briefkasten/domain/outbox.go:45.16,47.3 1 0
go.klarlabs.de/briefkasten/domain/outbox.go:48.2,48.16 1 1
go.klarlabs.de/briefkasten/domain/render.go:23.85,33.9 9 0
go.klarlabs.de/briefkasten/domain/render.go:34.55,35.29 1 0
go.klarlabs.de/briefkasten/domain/render.go:36.33,37.35 1 0
go.klarlabs.de/briefkasten/domain/render.go:38.10,39.29 1 0
go.klarlabs.de/briefkasten/domain/render.go:41.2,41.16 1 0
go.klarlabs.de/briefkasten/domain/render.go:41.16,43.3 1 0
go.klarlabs.de/briefkasten/domain/render.go:44.2,44.23 1 0
go.klarlabs.de/briefkasten/domain/render.go:48.58,51.2 2 0
go.klarlabs.de/briefkasten/domain/render.go:54.64,56.64 2 0
go.klarlabs.de/briefkasten/domain/render.go:56.64,58.3 1 0
go.klarlabs.de/briefkasten/domain/render.go:59.2,60.74 2 0
go.klarlabs.de/briefkasten/domain/render.go:60.74,62.3 1 0
go.klarlabs.de/briefkasten/domain/render.go:63.2,63.19 1 0
go.klarlabs.de/briefkasten/domain/render.go:68.58,70.66 2 0
go.klarlabs.de/briefkasten/domain/render.go:70.66,72.3 1 0
go.klarlabs.de/briefkasten/domain/render.go:73.2,74.24 2 0
go.klarlabs.de/briefkasten/domain/render.go:74.24,75.55 1 0
go.klarlabs.de/briefkasten/domain/render.go:75.55,77.4 1 0
go.klarlabs.de/briefkasten/domain/render.go:78.8,78.88 1 0
go.klarlabs.de/briefkasten/domain/render.go:78.88,80.3 1 0
go.klarlabs.de/briefkasten/domain/render.go:81.2,81.36 1 0
go.klarlabs.de/briefkasten/domain/render.go:81.36,82.52 1 0
go.klarlabs.de/briefkasten/domain/render.go:82.52,84.4 1 0
go.klarlabs.de/briefkasten/domain/render.go:86.2,86.19 1 0
go.klarlabs.de/briefkasten/domain/render.go:91.80,96.16 5 0
go.klarlabs.de/briefkasten/domain/render.go:96.16,98.3 1 0
go.klarlabs.de/briefkasten/domain/render.go:99.2,100.56 2 0
go.klarlabs.de/briefkasten/domain/render.go:100.56,102.3 1 0
go.klarlabs.de/briefkasten/domain/render.go:103.2,103.78 1 0
go.klarlabs.de/briefkasten/domain/render.go:103.78,105.3 1 0
go.klarlabs.de/briefkasten/domain/render.go:106.2,106.23 1 0
go.klarlabs.de/briefkasten/domain/render.go:111.75,112.77 1 0
go.klarlabs.de/briefkasten/domain/render.go:112.77,114.3 1 0
go.klarlabs.de/briefkasten/domain/render.go:115.2,115.60 1 0
go.klarlabs.de/briefkasten/domain/render.go:119.77,124.16 5 0
go.klarlabs.de/briefkasten/domain/render.go:124.16,126.3 1 0
go.klarlabs.de/briefkasten/domain/render.go:127.2,127.42 1 0
go.klarlabs.de/briefkasten/domain/render.go:131.68,137.16 6 0
go.klarlabs.de/briefkasten/domain/render.go:137.16,139.3 1 0
go.klarlabs.de/briefkasten/domain/render.go:140.2,140.42 1 0
go.klarlabs.de/briefkasten/domain/render.go:143.56,145.49 2 0
go.klarlabs.de/briefkasten/domain/render.go:145.49,147.3 1 0
go.klarlabs.de/briefkasten/domain/render.go:148.2,148.19 1 0
go.klarlabs.de/briefkasten/domain/render.go:153.60,156.25 3 0
go.klarlabs.de/briefkasten/domain/render.go:156.25,157.68 1 0
go.klarlabs.de/briefkasten/domain/render.go:157.68,159.4 1 0
go.klarlabs.de/briefkasten/domain/render.go:160.3,160.22 1 0
go.klarlabs.de/briefkasten/domain/render.go:162.2,163.12 2 0
go.klarlabs.de/briefkasten/domain/render.go:168.38,170.23 2 0
go.klarlabs.de/briefkasten/domain/render.go:170.23,171.81 1 0
go.klarlabs.de/briefkasten/domain/render.go:171.81,173.4 1 0
go.klarlabs.de/briefkasten/domain/render.go:175.2,176.13 2 0
go.klarlabs.de/briefkasten/domain/render.go:176.13,178.3 1 0
go.klarlabs.de/briefkasten/domain/render.go:179.2,180.17 2 0
go.klarlabs.de/briefkasten/domain/render.go:180.17,182.3 1 0
go.klarlabs.de/briefkasten/domain/render.go:183.2,183.10 1 0
go.klarlabs.de/briefkasten/infrastructure/auth/oauth.go:77.82,79.19 2 6
go.klarlabs.de/briefkasten/infrastructure/auth/oauth.go:79.19,80.30 1 6
go.klarlabs.de/briefkasten/infrastructure/auth/oauth.go:80.30,82.4 1 0
go.klarlabs.de/briefkasten/infrastructure/auth/oauth.go:83.3,84.17 2 6
go.klarlabs.de/briefkasten/infrastructure/auth/oauth.go:84.17,86.4 1 3
go.klarlabs.de/briefkasten/infrastructure/auth/oauth.go:87.3,87.10 1 3
go.klarlabs.de/briefkasten/infrastructure/auth/oauth.go:89.2,94.52 2 3
go.klarlabs.de/briefkasten/infrastructure/auth/oauth.go:94.52,96.3 1 0
go.klarlabs.de/briefkasten/infrastructure/auth/oauth.go:97.2,97.9 1 3
go.klarlabs.de/briefkasten/infrastructure/auth/oauth.go:98.39,99.17 1 0
go.klarlabs.de/briefkasten/infrastructure/auth/oauth.go:99.17,101.4 1 0
go.klarlabs.de/briefkasten/infrastructure/auth/oauth.go:102.3,103.17 2 0
go.klarlabs.de/briefkasten/infrastructure/auth/oauth.go:103.17,105.4 1 0
go.klarlabs.de/briefkasten/infrastructure/auth/oauth.go:106.3,107.37 2 0
go.klarlabs.de/briefkasten/infrastructure/auth/oauth.go:108.54,110.17 2 3
go.klarlabs.de/briefkasten/infrastructure/auth/oauth.go:110.17,112.4 1 0
go.klarlabs.de/briefkasten/infrastructure/auth/oauth.go:113.3,113.23 1 3
go.klarlabs.de/briefkasten/infrastructure/auth/oauth.go:113.23,115.4 1 3
go.klarlabs.de/briefkasten/infrastructure/auth/oauth.go:116.3,116.27 1 3
go.klarlabs.de/briefkasten/infrastructure/auth/oauth.go:116.27,118.4 1 3
go.klarlabs.de/briefkasten/infrastructure/auth/oauth.go:119.3,119.23 1 3
go.klarlabs.de/briefkasten/infrastructure/auth/oauth.go:119.23,121.4 1 3
go.klarlabs.de/briefkasten/infrastructure/auth/oauth.go:122.10,123.116 1 0
go.klarlabs.de/briefkasten/infrastructure/auth/oauth.go:125.2,125.12 1 3
go.klarlabs.de/briefkasten/infrastructure/auth/oauth.go:129.69,132.45 1 0
go.klarlabs.de/briefkasten/infrastructure/auth/oauth.go:132.45,139.3 2 0
go.klarlabs.de/briefkasten/infrastructure/auth/oauth.go:140.2,140.21 1 0
go.klarlabs.de/briefkasten/infrastructure/auth/oauth.go:140.21,142.17 2 0
go.klarlabs.de/briefkasten/infrastructure/auth/oauth.go:142.17,144.4 1 0
go.klarlabs.de/briefkasten/infrastructure/auth/oauth.go:145.3,145.30 1 0
go.klarlabs.de/briefkasten/infrastructure/auth/oauth.go:147.2,147.25 1 0
go.klarlabs.de/briefkasten/infrastructure/auth/oauth.go:147.25,149.3 1 0
go.klarlabs.de/briefkasten/infrastructure/auth/oauth.go:150.2,150.94 1 0
go.klarlabs.de/briefkasten/infrastructure/auth/oauth.go:154.112,156.16 2 0
go.klarlabs.de/briefkasten/infrastructure/auth/oauth.go:156.16,158.3 1 0
go.klarlabs.de/briefkasten/infrastructure/auth/oauth.go:159.2,159.21 1 0
go.klarlabs.de/briefkasten/infrastructure/auth/oauth.go:160.21,161.46 1 0
go.klarlabs.de/briefkasten/infrastructure/auth/oauth.go:162.21,168.10 1 0
go.klarlabs.de/briefkasten/infrastructure/auth/oauth.go:169.10,170.100 1 0
go.klarlabs.de/briefkasten/infrastructure/auth/oauth.go:175.64,177.16 2 0
go.klarlabs.de/briefkasten/infrastructure/auth/oauth.go:177.16,179.3 1 0
go.klarlabs.de/briefkasten/infrastructure/auth/oauth.go:180.2,181.16 2 0
go.klarlabs.de/briefkasten/infrastructure/auth/oauth.go:181.16,183.3 1 0
go.klarlabs.de/briefkasten/infrastructure/auth/oauth.go:184.2,184.19 1 0
go.klarlabs.de/briefkasten/infrastructure/auth/oauth.go:198.59,200.2 1 0
go.klarlabs.de/briefkasten/infrastructure/auth/oauth.go:203.57,206.2 2 0
go.klarlabs.de/briefkasten/infrastructure/auth/oauth.go:209.64,210.14 1 0
go.klarlabs.de/briefkasten/infrastructure/auth/oauth.go:210.14,212.3 1 0
go.klarlabs.de/briefkasten/infrastructure/auth/oauth.go:213.2,214.22 2 0
go.klarlabs.de/briefkasten/infrastructure/imap/imap.go:49.40,50.20 1 7
go.klarlabs.de/briefkasten/infrastructure/imap/imap.go:50.20,52.3 1 1
go.klarlabs.de/briefkasten/infrastructure/imap/imap.go:53.2,53.23 1 6
go.klarlabs.de/briefkasten/infrastructure/imap/imap.go:53.23,55.3 1 5
go.klarlabs.de/briefkasten/infrastructure/imap/imap.go:56.2,56.32 1 6
go.klarlabs.de/briefkasten/infrastructure/imap/imap.go:60.54,65.20 2 0
go.klarlabs.de/briefkasten/infrastructure/imap/imap.go:65.20,67.3 1 0
go.klarlabs.de/briefkasten/infrastructure/imap/imap.go:67.8,69.3 1 0
go.klarlabs.de/briefkasten/infrastructure/imap/imap.go:70.2,70.16 1 0
go.klarlabs.de/briefkasten/infrastructure/imap/imap.go:70.16,72.3 1 0
go.klarlabs.de/briefkasten/infrastructure/imap/imap.go:73.2,73.25 1 0
go.klarlabs.de/briefkasten/infrastructure/imap/imap.go:73.25,76.17 3 0
go.klarlabs.de/briefkasten/infrastructure/imap/imap.go:76.17,79.4 2 0
go.klarlabs.de/briefkasten/infrastructure/imap/imap.go:80.3,80.50 1 0
go.klarlabs.de/briefkasten/infrastructure/imap/imap.go:80.50,83.4 2 0
go.klarlabs.de/briefkasten/infrastructure/imap/imap.go:84.8,84.78 1 0
go.klarlabs.de/briefkasten/infrastructure/imap/imap.go:84.78,87.3 2 0
go.klarlabs.de/briefkasten/infrastructure/imap/imap.go:88.2,88.63 1 0
go.klarlabs.de/briefkasten/infrastructure/imap/imap.go:88.63,91.3 2 0
go.klarlabs.de/briefkasten/infrastructure/imap/imap.go:92.2,92.15 1 0
go.klarlabs.de/briefkasten/infrastructure/imap/imap.go:95.40,98.2 2 0
go.klarlabs.de/briefkasten/infrastructure/imap/imap.go:101.50,103.16 2 0
go.klarlabs.de/briefkasten/infrastructure/imap/imap.go:103.16,105.3 1 0
go.klarlabs.de/briefkasten/infrastructure/imap/imap.go:106.2,111.16 3 0
go.klarlabs.de/briefkasten/infrastructure/imap/imap.go:111.16,113.3 1 0
go.klarlabs.de/briefkasten/infrastructure/imap/imap.go:115.2,117.27 3 0
go.klarlabs.de/briefkasten/infrastructure/imap/imap.go:117.27,119.3 1 0
go.klarlabs.de/briefkasten/infrastructure/imap/imap.go:120.2,120.17 1 0
go.klarlabs.de/briefkasten/infrastructure/imap/imap.go:125.52,127.16 2 0
go.klarlabs.de/briefkasten/infrastructure/imap/imap.go:127.16,129.3 1 0
go.klarlabs.de/briefkasten/infrastructure/imap/imap.go:131.2,132.16 2 0
go.klarlabs.de/briefkasten/infrastructure/imap/imap.go:132.16,134.3 1 0
go.klarlabs.de/briefkasten/infrastructure/imap/imap.go:135.2,142.16 4 0
go.klarlabs.de/briefkasten/infrastructure/imap/imap.go:142.16,144.3 1 0
go.klarlabs.de/briefkasten/infrastructure/imap/imap.go:145.2,145.20 1 0
go.klarlabs.de/briefkasten/infrastructure/imap/imap.go:145.20,147.3 1 0
go.klarlabs.de/briefkasten/infrastructure/imap/imap.go:148.2,149.16 2 0
go.klarlabs.de/briefkasten/infrastructure/imap/imap.go:149.16,151.3 1 0
go.klarlabs.de/briefkasten/infrastructure/imap/imap.go:152.2,152.17 1 0
go.klarlabs.de/briefkasten/infrastructure/imap/imap.go:156.58,158.16 2 0
go.klarlabs.de/briefkasten/infrastructure/imap/imap.go:158.16,160.3 1 0
go.klarlabs.de/briefkasten/infrastructure/imap/imap.go:161.2,167.16 3 0
go.klarlabs.de/briefkasten/infrastructure/imap/imap.go:167.16,169.3 1 0
go.klarlabs.de/briefkasten/infrastructure/imap/imap.go:170.2,172.27 3 0
go.klarlabs.de/briefkasten/infrastructure/imap/imap.go:172.27,174.3 1 0
go.klarlabs.de/briefkasten/infrastructure/imap/imap.go:175.2,175.17 1 0
go.klarlabs.de/briefkasten/infrastructure/imap/imap.go:181.47,183.16 2 0
go.klarlabs.de/briefkasten/infrastructure/imap/imap.go:183.16,185.3 1 0
go.klarlabs.de/briefkasten/infrastructure/imap/imap.go:186.2,189.16 3 0
go.klarlabs.de/briefkasten/infrastructure/imap/imap.go:189.16,191.3 1 0
go.klarlabs.de/briefkasten/infrastructure/imap/imap.go:192.2,193.26 2 0
go.klarlabs.de/briefkasten/infrastructure/imap/imap.go:193.26,195.3 1 0
go.klarlabs.de/briefkasten/infrastructure/imap/imap.go:196.2,196.17 1 0
go.klarlabs.de/briefkasten/infrastructure/imap/imap.go:200.65,201.16 1 0
go.klarlabs.de/briefkasten/infrastructure/imap/imap.go:201.16,203.3 1 0
go.klarlabs.de/briefkasten/infrastructure/imap/imap.go:204.2,206.32 3 0
go.klarlabs.de/briefkasten/infrastructure/imap/imap.go:212.45,214.16 2 0
go.klarlabs.de/briefkasten/infrastructure/imap/imap.go:214.16,216.3 1 0
go.klarlabs.de/briefkasten/infrastructure/imap/imap.go:218.2,219.16 2 0
go.klarlabs.de/briefkasten/infrastructure/imap/imap.go:219.16,221.3 1 0
go.klarlabs.de/briefkasten/infrastructure/imap/imap.go:222.2,228.30 2 0
go.klarlabs.de/briefkasten/infrastructure/imap/imap.go:228.30,230.3 1 0
go.klarlabs.de/briefkasten/infrastructure/imap/imap.go:231.2,231.12 1 0
go.klarlabs.de/briefkasten/infrastructure/imap/imap.go:237.51,239.16 2 0
go.klarlabs.de/briefkasten/infrastructure/imap/imap.go:239.16,241.3 1 0
go.klarlabs.de/briefkasten/infrastructure/imap/imap.go:242.2,243.16 2 0
go.klarlabs.de/briefkasten/infrastructure/imap/imap.go:243.16,245.3 1 0
go.klarlabs.de/briefkasten/infrastructure/imap/imap.go:246.2,248.70 2 0
go.klarlabs.de/briefkasten/infrastructure/imap/imap.go:248.70,250.56 1 0
go.klarlabs.de/briefkasten/infrastructure/imap/imap.go:250.56,252.4 1 0
go.klarlabs.de/briefkasten/infrastructure/imap/imap.go:253.3,253.71 1 0
go.klarlabs.de/briefkasten/infrastructure/imap/imap.go:253.71,255.4 1 0
go.klarlabs.de/briefkasten/infrastructure/imap/imap.go:257.2,259.30 1 0
go.klarlabs.de/briefkasten/infrastructure/imap/imap.go:259.30,261.3 1 0
go.klarlabs.de/briefkasten/infrastructure/imap/imap.go:262.2,262.12 1 0
go.klarlabs.de/briefkasten/infrastructure/imap/imap.go:267.44,267.78 1 0
go.klarlabs.de/briefkasten/infrastructure/imap/imap.go:272.43,272.75 1 0
go.klarlabs.de/briefkasten/infrastructure/imap/imap.go:276.44,278.26 2 0
go.klarlabs.de/briefkasten/infrastructure/imap/imap.go:278.26,280.3 1 0
go.klarlabs.de/briefkasten/infrastructure/imap/imap.go:281.2,281.25 1 0
go.klarlabs.de/briefkasten/infrastructure/imap/watcher.go:29.38,30.23 1 1
go.klarlabs.de/briefkasten/infrastructure/imap/watcher.go:30.23,32.3 1 1
go.klarlabs.de/briefkasten/infrastructure/imap/watcher.go:33.2,33.27 1 1
go.klarlabs.de/briefkasten/infrastructure/imap/watcher.go:38.69,39.6 1 0
go.klarlabs.de/briefkasten/infrastructure/imap/watcher.go:39.6,41.23 2 0
go.klarlabs.de/briefkasten/infrastructure/imap/watcher.go:41.23,43.4 1 0
go.klarlabs.de/briefkasten/infrastructure/imap/watcher.go:44.3,44.10 1 0
go.klarlabs.de/briefkasten/infrastructure/imap/watcher.go:45.21,46.20 1 0
go.klarlabs.de/briefkasten/infrastructure/imap/watcher.go:47.37,47.37 0 0
go.klarlabs.de/briefkasten/infrastructure/imap/watcher.go:54.75,58.55 1 0
go.klarlabs.de/briefkasten/infrastructure/imap/watcher.go:58.55,60.29 1 0
go.klarlabs.de/briefkasten/infrastructure/imap/watcher.go:60.29,62.6 1 0
go.klarlabs.de/briefkasten/infrastructure/imap/watcher.go:66.2,67.16 2 0
go.klarlabs.de/briefkasten/infrastructure/imap/watcher.go:67.16,69.3 1 0
go.klarlabs.de/briefkasten/infrastructure/imap/watcher.go:70.2,72.6 2 0
go.klarlabs.de/briefkasten/infrastructure/imap/watcher.go:72.6,74.17 2 0
go.klarlabs.de/briefkasten/infrastructure/imap/watcher.go:74.17,76.4 1 0
go.klarlabs.de/briefkasten/infrastructure/imap/watcher.go:77.3,78.10 2 0
go.klarlabs.de/briefkasten/infrastructure/imap/watcher.go:79.21,83.20 4 0
go.klarlabs.de/briefkasten/infrastructure/imap/watcher.go:84.18,85.42 1 0
go.klarlabs.de/briefkasten/infrastructure/imap/watcher.go:85.42,87.5 1 0
go.klarlabs.de/briefkasten/infrastructure/imap/watcher.go:88.4,88.41 1 0
go.klarlabs.de/briefkasten/infrastructure/imap/watcher.go:88.41,90.5 1 0
go.klarlabs.de/briefkasten/infrastructure/imap/watcher.go:97.81,102.20 2 0
go.klarlabs.de/briefkasten/infrastructure/imap/watcher.go:102.20,104.3 1 0
go.klarlabs.de/briefkasten/infrastructure/imap/watcher.go:104.8,106.3 1 0
go.klarlabs.de/briefkasten/infrastructure/imap/watcher.go:107.2,107.16 1 0
go.klarlabs.de/briefkasten/infrastructure/imap/watcher.go:107.16,109.3 1 0
go.klarlabs.de/briefkasten/infrastructure/imap/watcher.go:110.2,110.25 1 0
go.klarlabs.de/briefkasten/infrastructure/imap/watcher.go:110.25,113.17 3 0
go.klarlabs.de/briefkasten/infrastructure/imap/watcher.go:113.17,116.4 2 0
go.klarlabs.de/briefkasten/infrastructure/imap/watcher.go:117.3,117.50 1 0
go.klarlabs.de/briefkasten/infrastructure/imap/watcher.go:117.50,120.4 2 0
go.klarlabs.de/briefkasten/infrastructure/imap/watcher.go:121.8,121.78 1 0
go.klarlabs.de/briefkasten/infrastructure/imap/watcher.go:121.78,124.3 2 0
go.klarlabs.de/briefkasten/infrastructure/imap/watcher.go:125.2,125.63 1 0
go.klarlabs.de/briefkasten/infrastructure/imap/watcher.go:125.63,128.3 2 0
go.klarlabs.de/briefkasten/infrastructure/imap/watcher.go:129.2,129.15 1 0
go.klarlabs.de/briefkasten/infrastructure/maildir/maildir.go:25.41,26.45 1 23
go.klarlabs.de/briefkasten/infrastructure/maildir/maildir.go:26.45,27.70 1 45
go.klarlabs.de/briefkasten/infrastructure/maildir/maildir.go:27.70,29.4 1 1
go.klarlabs.de/briefkasten/infrastructure/maildir/maildir.go:31.2,31.34 1 22
go.klarlabs.de/briefkasten/infrastructure/maildir/maildir.go:35.50,37.16 2 3
go.klarlabs.de/briefkasten/infrastructure/maildir/maildir.go:37.16,39.3 1 0
go.klarlabs.de/briefkasten/infrastructure/maildir/maildir.go:40.2,41.28 2 3
go.klarlabs.de/briefkasten/infrastructure/maildir/maildir.go:41.28,42.17 1 2
go.klarlabs.de/briefkasten/infrastructure/maildir/maildir.go:42.17,44.4 1 2
go.klarlabs.de/briefkasten/infrastructure/maildir/maildir.go:46.2,47.17 2 3
go.klarlabs.de/briefkasten/infrastructure/maildir/maildir.go:51.52,53.16 2 0
go.klarlabs.de/briefkasten/infrastructure/maildir/maildir.go:53.16,55.3 1 0
go.klarlabs.de/briefkasten/infrastructure/maildir/maildir.go:56.2,57.16 2 0
go.klarlabs.de/briefkasten/infrastructure/maildir/maildir.go:57.16,59.3 1 0
go.klarlabs.de/briefkasten/infrastructure/maildir/maildir.go:60.2,60.18 1 0
go.klarlabs.de/briefkasten/infrastructure/maildir/maildir.go:64.45,66.16 2 0
go.klarlabs.de/briefkasten/infrastructure/maildir/maildir.go:66.16,68.3 1 0
go.klarlabs.de/briefkasten/infrastructure/maildir/maildir.go:69.2,70.16 2 0
go.klarlabs.de/briefkasten/infrastructure/maildir/maildir.go:70.16,72.3 1 0
go.klarlabs.de/briefkasten/infrastructure/maildir/maildir.go:73.2,73.44 1 0
go.klarlabs.de/briefkasten/infrastructure/maildir/maildir.go:73.44,75.3 1 0
go.klarlabs.de/briefkasten/infrastructure/maildir/maildir.go:76.2,76.12 1 0
go.klarlabs.de/briefkasten/infrastructure/maildir/maildir.go:80.60,81.71 1 0
go.klarlabs.de/briefkasten/infrastructure/maildir/maildir.go:81.71,83.3 1 0
go.klarlabs.de/briefkasten/infrastructure/maildir/maildir.go:84.2,84.44 1 0
go.klarlabs.de/briefkasten/infrastructure/maildir/maildir.go:88.58,90.16 2 0
go.klarlabs.de/briefkasten/infrastructure/maildir/maildir.go:90.16,92.3 1 0
go.klarlabs.de/briefkasten/infrastructure/maildir/maildir.go:93.2,95.25 3 0
go.klarlabs.de/briefkasten/infrastructure/maildir/maildir.go:95.25,97.17 2 0
go.klarlabs.de/briefkasten/infrastructure/maildir/maildir.go:97.17,98.12 1 0
go.klarlabs.de/briefkasten/infrastructure/maildir/maildir.go:100.3,100.49 1 0
go.klarlabs.de/briefkasten/infrastructure/maildir/maildir.go:100.49,102.4 1 0
go.klarlabs.de/briefkasten/infrastructure/maildir/maildir.go:104.2,104.17 1 0
go.klarlabs.de/briefkasten/infrastructure/maildir/maildir.go:111.47,114.16 3 0
go.klarlabs.de/briefkasten/infrastructure/maildir/maildir.go:114.16,116.3 1 0
go.klarlabs.de/briefkasten/infrastructure/maildir/maildir.go:117.2,117.28 1 0
go.klarlabs.de/briefkasten/infrastructure/maildir/maildir.go:117.28,118.95 1 0
go.klarlabs.de/briefkasten/infrastructure/maildir/maildir.go:118.95,119.12 1 0
go.klarlabs.de/briefkasten/infrastructure/maildir/maildir.go:121.3,121.91 1 0
go.klarlabs.de/briefkasten/infrastructure/maildir/maildir.go:121.91,123.4 1 0
go.klarlabs.de/briefkasten/infrastructure/maildir/maildir.go:125.2,126.21 2 0
go.klarlabs.de/briefkasten/infrastructure/maildir/maildir.go:131.65,132.21 1 0
go.klarlabs.de/briefkasten/infrastructure/maildir/maildir.go:132.21,134.3 1 0
go.klarlabs.de/briefkasten/infrastructure/maildir/maildir.go:135.2,135.79 1 0
go.klarlabs.de/briefkasten/infrastructure/maildir/maildir.go:135.79,137.3 1 0
go.klarlabs.de/briefkasten/infrastructure/maildir/maildir.go:138.2,138.41 1 0
go.klarlabs.de/briefkasten/infrastructure/maildir/maildir.go:144.48,146.16 2 0
go.klarlabs.de/briefkasten/infrastructure/maildir/maildir.go:146.16,148.3 1 0
go.klarlabs.de/briefkasten/infrastructure/maildir/maildir.go:149.2,150.52 2 0
go.klarlabs.de/briefkasten/infrastructure/maildir/maildir.go:150.52,152.3 1 0
go.klarlabs.de/briefkasten/infrastructure/maildir/maildir.go:153.2,153.68 1 0
go.klarlabs.de/briefkasten/infrastructure/maildir/maildir.go:153.68,155.3 1 0
go.klarlabs.de/briefkasten/infrastructure/maildir/maildir.go:156.2,156.12 1 0
go.klarlabs.de/briefkasten/infrastructure/maildir/maildir.go:161.44,161.79 1 0
go.klarlabs.de/briefkasten/infrastructure/maildir/maildir.go:165.43,165.76 1 0
go.klarlabs.de/briefkasten/infrastructure/maildir/outboxstore.go:20.56,21.40 1 9
go.klarlabs.de/briefkasten/infrastructure/maildir/outboxstore.go:21.40,22.68 1 27
go.klarlabs.de/briefkasten/infrastructure/maildir/outboxstore.go:22.68,24.4 1 3
go.klarlabs.de/briefkasten/infrastructure/maildir/outboxstore.go:26.2,26.38 1 6
go.klarlabs.de/briefkasten/infrastructure/maildir/outboxstore.go:30.63,32.16 2 1
go.klarlabs.de/briefkasten/infrastructure/maildir/outboxstore.go:32.16,34.3 1 0
go.klarlabs.de/briefkasten/infrastructure/maildir/outboxstore.go:35.2,36.55 2 1
go.klarlabs.de/briefkasten/infrastructure/maildir/outboxstore.go:36.55,38.3 1 0
go.klarlabs.de/briefkasten/infrastructure/maildir/outboxstore.go:39.2,39.12 1 1
go.klarlabs.de/briefkasten/infrastructure/maildir/outboxstore.go:43.54,44.76 1 2
go.klarlabs.de/briefkasten/infrastructure/maildir/outboxstore.go:44.76,46.3 1 1
go.klarlabs.de/briefkasten/infrastructure/maildir/outboxstore.go:47.2,47.12 1 1
go.klarlabs.de/briefkasten/infrastructure/maildir/outboxstore.go:51.71,52.41 1 1
go.klarlabs.de/briefkasten/infrastructure/maildir/outboxstore.go:52.41,54.3 1 0
go.klarlabs.de/briefkasten/infrastructure/maildir/outboxstore.go:55.2,55.44 1 1
go.klarlabs.de/briefkasten/infrastructure/maildir/outboxstore.go:55.44,58.37 2 1
go.klarlabs.de/briefkasten/infrastructure/maildir/outboxstore.go:58.37,59.12 1 0
go.klarlabs.de/briefkasten/infrastructure/maildir/outboxstore.go:61.3,61.17 1 1
go.klarlabs.de/briefkasten/infrastructure/maildir/outboxstore.go:61.17,63.4 1 0
go.klarlabs.de/briefkasten/infrastructure/maildir/outboxstore.go:64.3,65.51 2 1
go.klarlabs.de/briefkasten/infrastructure/maildir/outboxstore.go:65.51,67.4 1 0
go.klarlabs.de/briefkasten/infrastructure/maildir/outboxstore.go:68.3,68.18 1 1
go.klarlabs.de/briefkasten/infrastructure/maildir/outboxstore.go:70.2,70.76 1 0
go.klarlabs.de/briefkasten/infrastructure/maildir/outboxstore.go:74.60,76.16 2 24
go.klarlabs.de/briefkasten/infrastructure/maildir/outboxstore.go:76.16,78.3 1 0
go.klarlabs.de/briefkasten/infrastructure/maildir/outboxstore.go:79.2,80.26 2 24
go.klarlabs.de/briefkasten/infrastructure/maildir/outboxstore.go:80.26,83.3 2 2
go.klarlabs.de/briefkasten/infrastructure/maildir/outboxstore.go:84.2,84.17 1 24
go.klarlabs.de/briefkasten/infrastructure/maildir/sender.go:23.52,24.16 1 9
go.klarlabs.de/briefkasten/infrastructure/maildir/sender.go:24.16,26.3 1 3
go.klarlabs.de/briefkasten/infrastructure/maildir/sender.go:27.2,27.53 1 6
go.klarlabs.de/briefkasten/infrastructure/maildir/sender.go:27.53,29.3 1 0
go.klarlabs.de/briefkasten/infrastructure/maildir/sender.go:30.2,30.45 1 6
go.klarlabs.de/briefkasten/infrastructure/maildir/sender.go:30.45,31.70 1 12
go.klarlabs.de/briefkasten/infrastructure/maildir/sender.go:31.70,33.4 1 0
go.klarlabs.de/briefkasten/infrastructure/maildir/sender.go:35.2,35.45 1 6
go.klarlabs.de/briefkasten/infrastructure/maildir/sender.go:41.76,43.16 2 0
go.klarlabs.de/briefkasten/infrastructure/maildir/sender.go:43.16,45.3 1 0
go.klarlabs.de/briefkasten/infrastructure/maildir/sender.go:46.2,47.54 2 0
go.klarlabs.de/briefkasten/infrastructure/maildir/sender.go:47.54,49.3 1 0
go.klarlabs.de/briefkasten/infrastructure/maildir/sender.go:50.2,50.84 1 0
go.klarlabs.de/briefkasten/infrastructure/maildir/sender.go:50.84,52.3 1 0
go.klarlabs.de/briefkasten/infrastructure/maildir/sender.go:53.2,53.12 1 0
go.klarlabs.de/briefkasten/infrastructure/maildir/watcher.go:19.39,21.2 1 1
go.klarlabs.de/briefkasten/infrastructure/maildir/watcher.go:26.69,28.16 2 0
go.klarlabs.de/briefkasten/infrastructure/maildir/watcher.go:28.16,30.3 1 0
go.klarlabs.de/briefkasten/infrastructure/maildir/watcher.go:31.2,31.15 1 0
go.klarlabs.de/briefkasten/infrastructure/maildir/watcher.go:31.15,31.34 1 0
go.klarlabs.de/briefkasten/infrastructure/maildir/watcher.go:33.2,33.42 1 0
go.klarlabs.de/briefkasten/infrastructure/maildir/watcher.go:33.42,35.3 1 0
go.klarlabs.de/briefkasten/infrastructure/maildir/watcher.go:37.2,38.6 2 0
go.klarlabs.de/briefkasten/infrastructure/maildir/watcher.go:38.6,39.10 1 0
go.klarlabs.de/briefkasten/infrastructure/maildir/watcher.go:40.21,41.20 1 0
go.klarlabs.de/briefkasten/infrastructure/maildir/watcher.go:42.34,43.11 1 0
go.klarlabs.de/briefkasten/infrastructure/maildir/watcher.go:43.11,45.5 1 0
go.klarlabs.de/briefkasten/infrastructure/maildir/watcher.go:46.4,46.29 1 0
go.klarlabs.de/briefkasten/infrastructure/maildir/watcher.go:46.29,48.5 1 0
go.klarlabs.de/briefkasten/infrastructure/maildir/watcher.go:49.32,50.11 1 0
go.klarlabs.de/briefkasten/infrastructure/maildir/watcher.go:50.11,52.5 1 0
go.klarlabs.de/briefkasten/infrastructure/maildir/watcher.go:53.4,53.47 1 0
go.klarlabs.de/briefkasten/infrastructure/mcpserver/prompts.go:29.65,33.89 1 11
go.klarlabs.de/briefkasten/infrastructure/mcpserver/prompts.go:33.89,35.35 2 0
go.klarlabs.de/briefkasten/infrastructure/mcpserver/prompts.go:35.35,37.28 2 0
go.klarlabs.de/briefkasten/infrastructure/mcpserver/prompts.go:37.28,39.6 1 0
go.klarlabs.de/briefkasten/infrastructure/mcpserver/prompts.go:40.5,40.14 1 0
go.klarlabs.de/briefkasten/infrastructure/mcpserver/prompts.go:42.4,43.18 2 0
go.klarlabs.de/briefkasten/infrastructure/mcpserver/prompts.go:43.18,45.5 1 0
go.klarlabs.de/briefkasten/infrastructure/mcpserver/prompts.go:46.4,47.21 2 0
go.klarlabs.de/briefkasten/infrastructure/mcpserver/prompts.go:47.21,49.5 1 0
go.klarlabs.de/briefkasten/infrastructure/mcpserver/prompts.go:50.4,52.27 3 0
go.klarlabs.de/briefkasten/infrastructure/mcpserver/prompts.go:52.27,54.19 2 0
go.klarlabs.de/briefkasten/infrastructure/mcpserver/prompts.go:54.19,55.14 1 0
go.klarlabs.de/briefkasten/infrastructure/mcpserver/prompts.go:57.5,57.43 1 0
go.klarlabs.de/briefkasten/infrastructure/mcpserver/prompts.go:57.43,59.6 1 0
go.klarlabs.de/briefkasten/infrastructure/mcpserver/prompts.go:60.5,60.59 1 0
go.klarlabs.de/briefkasten/infrastructure/mcpserver/prompts.go:62.4,62.18 1 0
go.klarlabs.de/briefkasten/infrastructure/mcpserver/prompts.go:62.18,64.5 1 0
go.klarlabs.de/briefkasten/infrastructure/mcpserver/prompts.go:64.10,64.31 1 0
go.klarlabs.de/briefkasten/infrastructure/mcpserver/prompts.go:64.31,66.5 1 0
go.klarlabs.de/briefkasten/infrastructure/mcpserver/prompts.go:67.4,72.10 1 0
go.klarlabs.de/briefkasten/infrastructure/mcpserver/prompts.go:75.2,78.89 1 11
go.klarlabs.de/briefkasten/infrastructure/mcpserver/prompts.go:78.89,80.16 2 0
go.klarlabs.de/briefkasten/infrastructure/mcpserver/prompts.go:80.16,82.5 1 0
go.klarlabs.de/briefkasten/infrastructure/mcpserver/prompts.go:83.4,84.18 2 0
go.klarlabs.de/briefkasten/infrastructure/mcpserver/prompts.go:84.18,86.5 1 0
go.klarlabs.de/briefkasten/infrastructure/mcpserver/prompts.go:87.4,87.42 1 0
go.klarlabs.de/briefkasten/infrastructure/mcpserver/prompts.go:87.42,89.5 1 0
go.klarlabs.de/briefkasten/infrastructure/mcpserver/prompts.go:90.4,98.10 2 0
go.klarlabs.de/briefkasten/infrastructure/mcpserver/prompts.go:101.2,102.124 1 11
go.klarlabs.de/briefkasten/infrastructure/mcpserver/prompts.go:102.124,104.18 2 0
go.klarlabs.de/briefkasten/infrastructure/mcpserver/prompts.go:104.18,106.5 1 0
go.klarlabs.de/briefkasten/infrastructure/mcpserver/prompts.go:107.4,108.27 2 0
go.klarlabs.de/briefkasten/infrastructure/mcpserver/prompts.go:108.27,109.41 1 0
go.klarlabs.de/briefkasten/infrastructure/mcpserver/prompts.go:109.41,111.6 1 0
go.klarlabs.de/briefkasten/infrastructure/mcpserver/prompts.go:113.4,113.70 1 0
go.klarlabs.de/briefkasten/infrastructure/mcpserver/resources.go:19.91,24.101 1 11
go.klarlabs.de/briefkasten/infrastructure/mcpserver/resources.go:24.101,26.18 2 0
go.klarlabs.de/briefkasten/infrastructure/mcpserver/resources.go:26.18,28.5 1 0
go.klarlabs.de/briefkasten/infrastructure/mcpserver/resources.go:29.4,29.59 1 0
go.klarlabs.de/briefkasten/infrastructure/mcpserver/resources.go:32.2,36.106 1 11
go.klarlabs.de/briefkasten/infrastructure/mcpserver/resources.go:36.106,38.18 2 0
go.klarlabs.de/briefkasten/infrastructure/mcpserver/resources.go:38.18,40.5 1 0
go.klarlabs.de/briefkasten/infrastructure/mcpserver/resources.go:41.4,41.96 1 0
go.klarlabs.de/briefkasten/infrastructure/mcpserver/resources.go:44.2,48.106 1 11
go.klarlabs.de/briefkasten/infrastructure/mcpserver/resources.go:48.106,50.18 2 0
go.klarlabs.de/briefkasten/infrastructure/mcpserver/resources.go:50.18,52.5 1 0
go.klarlabs.de/briefkasten/infrastructure/mcpserver/resources.go:53.4,53.47 1 0
go.klarlabs.de/briefkasten/infrastructure/mcpserver/resources.go:56.2,57.124 1 11
go.klarlabs.de/briefkasten/infrastructure/mcpserver/resources.go:57.124,59.18 2 0
go.klarlabs.de/briefkasten/infrastructure/mcpserver/resources.go:59.18,61.5 1 0
go.klarlabs.de/briefkasten/infrastructure/mcpserver/resources.go:62.4,63.27 2 0
go.klarlabs.de/briefkasten/infrastructure/mcpserver/resources.go:63.27,64.41 1 0
go.klarlabs.de/briefkasten/infrastructure/mcpserver/resources.go:64.41,66.6 1 0
go.klarlabs.de/briefkasten/infrastructure/mcpserver/resources.go:68.4,68.70 1 0
go.klarlabs.de/briefkasten/infrastructure/mcpserver/resources.go:71.2,75.101 1 11
go.klarlabs.de/briefkasten/infrastructure/mcpserver/resources.go:75.101,77.18 2 0
go.klarlabs.de/briefkasten/infrastructure/mcpserver/resources.go:77.18,79.5 1 0
go.klarlabs.de/briefkasten/infrastructure/mcpserver/resources.go:80.4,80.64 1 0
go.klarlabs.de/briefkasten/infrastructure/mcpserver/resources.go:83.2,87.101 1 11
go.klarlabs.de/briefkasten/infrastructure/mcpserver/resources.go:87.101,89.4 1 0
go.klarlabs.de/briefkasten/infrastructure/mcpserver/resources.go:91.2,95.101 1 11
go.klarlabs.de/briefkasten/infrastructure/mcpserver/resources.go:95.101,96.17 1 0
go.klarlabs.de/briefkasten/infrastructure/mcpserver/resources.go:96.17,98.5 1 0
go.klarlabs.de/briefkasten/infrastructure/mcpserver/resources.go:99.4,100.18 2 0
go.klarlabs.de/briefkasten/infrastructure/mcpserver/resources.go:100.18,102.5 1 0
go.klarlabs.de/briefkasten/infrastructure/mcpserver/resources.go:103.4,103.37 1 0
go.klarlabs.de/briefkasten/infrastructure/mcpserver/resources.go:106.2,110.106 1 11
go.klarlabs.de/briefkasten/infrastructure/mcpserver/resources.go:110.106,111.17 1 0
go.klarlabs.de/briefkasten/infrastructure/mcpserver/resources.go:111.17,113.5 1 0
go.klarlabs.de/briefkasten/infrastructure/mcpserver/resources.go:114.4,115.18 2 0
go.klarlabs.de/briefkasten/infrastructure/mcpserver/resources.go:115.18,117.5 1 0
go.klarlabs.de/briefkasten/infrastructure/mcpserver/resources.go:118.4,118.33 1 0
go.klarlabs.de/briefkasten/infrastructure/mcpserver/resources.go:125.46,128.16 3 0
go.klarlabs.de/briefkasten/infrastructure/mcpserver/resources.go:128.16,130.3 1 0
go.klarlabs.de/briefkasten/infrastructure/mcpserver/resources.go:131.2,132.34 2 0
go.klarlabs.de/briefkasten/infrastructure/mcpserver/resources.go:132.34,133.48 1 0
go.klarlabs.de/briefkasten/infrastructure/mcpserver/resources.go:133.48,135.4 1 0
go.klarlabs.de/briefkasten/infrastructure/mcpserver/resources.go:136.3,136.11 1 0
go.klarlabs.de/briefkasten/infrastructure/mcpserver/resources.go:138.2,143.12 6 0
go.klarlabs.de/briefkasten/infrastructure/mcpserver/resources.go:146.77,148.16 2 0
go.klarlabs.de/briefkasten/infrastructure/mcpserver/resources.go:148.16,150.3 1 0
go.klarlabs.de/briefkasten/infrastructure/mcpserver/resources.go:151.2,151.96 1 0
go.klarlabs.de/briefkasten/infrastructure/mcpserver/server.go:41.29,42.41 1 11
go.klarlabs.de/briefkasten/infrastructure/mcpserver/server.go:42.41,43.49 1 11
go.klarlabs.de/briefkasten/infrastructure/mcpserver/server.go:43.49,44.97 1 11
go.klarlabs.de/briefkasten/infrastructure/mcpserver/server.go:44.97,46.5 1 0
go.klarlabs.de/briefkasten/infrastructure/mcpserver/server.go:49.2,49.14 1 11
go.klarlabs.de/briefkasten/infrastructure/mcpserver/server.go:60.48,61.26 1 3
go.klarlabs.de/briefkasten/infrastructure/mcpserver/server.go:61.26,61.43 1 3
go.klarlabs.de/briefkasten/infrastructure/mcpserver/server.go:67.70,69.33 2 11
go.klarlabs.de/briefkasten/infrastructure/mcpserver/server.go:69.33,71.3 1 3
go.klarlabs.de/briefkasten/infrastructure/mcpserver/server.go:73.2,84.24 4 11
go.klarlabs.de/briefkasten/infrastructure/mcpserver/server.go:84.24,86.3 1 3
go.klarlabs.de/briefkasten/infrastructure/mcpserver/server.go:87.2,90.12 4 11
go.klarlabs.de/briefkasten/infrastructure/mcpserver/server.go:93.63,104.29 1 11
go.klarlabs.de/briefkasten/infrastructure/mcpserver/server.go:104.29,106.18 2 2
go.klarlabs.de/briefkasten/infrastructure/mcpserver/server.go:106.18,108.5 1 0
go.klarlabs.de/briefkasten/infrastructure/mcpserver/server.go:109.4,110.40 2 2
go.klarlabs.de/briefkasten/infrastructure/mcpserver/server.go:110.40,112.5 1 0
go.klarlabs.de/briefkasten/infrastructure/mcpserver/server.go:113.4,113.58 1 2
go.klarlabs.de/briefkasten/infrastructure/mcpserver/server.go:116.2,125.29 1 11
go.klarlabs.de/briefkasten/infrastructure/mcpserver/server.go:125.29,127.18 2 0
go.klarlabs.de/briefkasten/infrastructure/mcpserver/server.go:127.18,129.5 1 0
go.klarlabs.de/briefkasten/infrastructure/mcpserver/server.go:130.4,130.77 1 0
go.klarlabs.de/briefkasten/infrastructure/mcpserver/server.go:133.2,142.29 1 11
go.klarlabs.de/briefkasten/infrastructure/mcpserver/server.go:142.29,143.69 1 0
go.klarlabs.de/briefkasten/infrastructure/mcpserver/server.go:143.69,145.5 1 0
go.klarlabs.de/briefkasten/infrastructure/mcpserver/server.go:146.4,146.42 1 0
go.klarlabs.de/briefkasten/infrastructure/mcpserver/server.go:149.2,159.29 1 11
go.klarlabs.de/briefkasten/infrastructure/mcpserver/server.go:159.29,161.18 2 0
go.klarlabs.de/briefkasten/infrastructure/mcpserver/server.go:161.18,163.5 1 0
go.klarlabs.de/briefkasten/infrastructure/mcpserver/server.go:164.4,165.40 2 0
go.klarlabs.de/briefkasten/infrastructure/mcpserver/server.go:165.40,167.5 1 0
go.klarlabs.de/briefkasten/infrastructure/mcpserver/server.go:168.4,168.58 1 0
go.klarlabs.de/briefkasten/infrastructure/mcpserver/server.go:175.84,176.15 1 0
go.klarlabs.de/briefkasten/infrastructure/mcpserver/server.go:176.15,178.3 1 0
go.klarlabs.de/briefkasten/infrastructure/mcpserver/server.go:179.2,180.20 2 0
go.klarlabs.de/briefkasten/infrastructure/mcpserver/server.go:180.20,188.17 2 0
go.klarlabs.de/briefkasten/infrastructure/mcpserver/server.go:188.17,189.33 1 0
go.klarlabs.de/briefkasten/infrastructure/mcpserver/server.go:189.33,191.5 1 0
go.klarlabs.de/briefkasten/infrastructure/mcpserver/server.go:192.4,192.117 1 0
go.klarlabs.de/briefkasten/infrastructure/mcpserver/server.go:194.3,194.134 1 0
go.klarlabs.de/briefkasten/infrastructure/mcpserver/server.go:196.2,196.148 1 0
go.klarlabs.de/briefkasten/infrastructure/mcpserver/server.go:199.69,211.77 2 11
go.klarlabs.de/briefkasten/infrastructure/mcpserver/server.go:211.77,212.77 1 0
go.klarlabs.de/briefkasten/infrastructure/mcpserver/server.go:212.77,214.5 1 0
go.klarlabs.de/briefkasten/infrastructure/mcpserver/server.go:215.4,215.68 1 0
go.klarlabs.de/briefkasten/infrastructure/mcpserver/server.go:215.68,217.5 1 0
go.klarlabs.de/briefkasten/infrastructure/mcpserver/server.go:218.4,218.42 1 0
go.klarlabs.de/briefkasten/infrastructure/mcpserver/server.go:221.2,225.77 1 11
go.klarlabs.de/briefkasten/infrastructure/mcpserver/server.go:225.77,226.76 1 0
go.klarlabs.de/briefkasten/infrastructure/mcpserver/server.go:226.76,228.5 1 0
go.klarlabs.de/briefkasten/infrastructure/mcpserver/server.go:229.4,229.67 1 0
go.klarlabs.de/briefkasten/infrastructure/mcpserver/server.go:229.67,231.5 1 0
go.klarlabs.de/briefkasten/infrastructure/mcpserver/server.go:232.4,232.42 1 0
go.klarlabs.de/briefkasten/infrastructure/mcpserver/server.go:236.65,247.29 1 3
go.klarlabs.de/briefkasten/infrastructure/mcpserver/server.go:247.29,255.18 2 0
go.klarlabs.de/briefkasten/infrastructure/mcpserver/server.go:255.18,257.5 1 0
go.klarlabs.de/briefkasten/infrastructure/mcpserver/server.go:258.4,258.59 1 0
go.klarlabs.de/briefkasten/infrastructure/mcpserver/server.go:261.2,269.29 1 3
go.klarlabs.de/briefkasten/infrastructure/mcpserver/server.go:269.29,271.18 2 0
go.klarlabs.de/briefkasten/infrastructure/mcpserver/server.go:271.18,273.5 1 0
go.klarlabs.de/briefkasten/infrastructure/mcpserver/server.go:274.4,275.23 2 0
go.klarlabs.de/briefkasten/infrastructure/mcpserver/server.go:275.23,277.5 1 0
go.klarlabs.de/briefkasten/infrastructure/mcpserver/server.go:278.4,278.19 1 0
go.klarlabs.de/briefkasten/infrastructure/mcpserver/server.go:281.2,288.29 1 3
go.klarlabs.de/briefkasten/infrastructure/mcpserver/server.go:288.29,289.42 1 0
go.klarlabs.de/briefkasten/infrastructure/mcpserver/server.go:289.42,291.5 1 0
go.klarlabs.de/briefkasten/infrastructure/mcpserver/server.go:292.4,292.62 1 0
go.klarlabs.de/briefkasten/infrastructure/mcpserver/ui.go:11.34,16.101 1 11
go.klarlabs.de/briefkasten/infrastructure/mcpserver/ui.go:16.101,18.4 1 0
go.klarlabs.de/briefkasten/infrastructure/resilience/resilience.go:45.51,46.24 1 6
go.klarlabs.de/briefkasten/infrastructure/resilience/resilience.go:46.24,48.3 1 6
go.klarlabs.de/briefkasten/infrastructure/resilience/resilience.go:49.2,52.39 1 6
go.klarlabs.de/briefkasten/infrastructure/resilience/resilience.go:52.39,55.5 1 0
go.klarlabs.de/briefkasten/infrastructure/resilience/resilience.go:70.64,72.66 2 0
go.klarlabs.de/briefkasten/infrastructure/resilience/resilience.go:72.66,73.67 1 0
go.klarlabs.de/briefkasten/infrastructure/resilience/resilience.go:73.67,74.70 1 0
go.klarlabs.de/briefkasten/infrastructure/resilience/resilience.go:74.70,76.5 1 0
go.klarlabs.de/briefkasten/infrastructure/resilience/resilience.go:82.50,83.42 1 0
go.klarlabs.de/briefkasten/infrastructure/resilience/resilience.go:83.42,83.70 1 0
go.klarlabs.de/briefkasten/infrastructure/resilience/resilience.go:84.2,84.16 1 0
go.klarlabs.de/briefkasten/infrastructure/resilience/resilience.go:84.16,86.3 1 0
go.klarlabs.de/briefkasten/infrastructure/resilience/resilience.go:87.2,87.26 1 0
go.klarlabs.de/briefkasten/infrastructure/resilience/resilience.go:91.52,92.42 1 0
go.klarlabs.de/briefkasten/infrastructure/resilience/resilience.go:92.42,92.67 1 0
go.klarlabs.de/briefkasten/infrastructure/resilience/resilience.go:93.2,93.16 1 0
go.klarlabs.de/briefkasten/infrastructure/resilience/resilience.go:93.16,95.3 1 0
go.klarlabs.de/briefkasten/infrastructure/resilience/resilience.go:96.2,96.24 1 0
go.klarlabs.de/briefkasten/infrastructure/resilience/resilience.go:100.45,101.42 1 0
go.klarlabs.de/briefkasten/infrastructure/resilience/resilience.go:101.42,101.75 1 0
go.klarlabs.de/briefkasten/infrastructure/resilience/resilience.go:102.2,102.12 1 0
go.klarlabs.de/briefkasten/infrastructure/resilience/resilience.go:107.58,108.42 1 0
go.klarlabs.de/briefkasten/infrastructure/resilience/resilience.go:108.42,108.80 1 0
go.klarlabs.de/briefkasten/infrastructure/resilience/resilience.go:109.2,109.16 1 0
go.klarlabs.de/briefkasten/infrastructure/resilience/resilience.go:109.16,111.3 1 0
go.klarlabs.de/briefkasten/infrastructure/resilience/resilience.go:112.2,112.26 1 0
go.klarlabs.de/briefkasten/infrastructure/resilience/resilience.go:116.47,118.9 2 0
go.klarlabs.de/briefkasten/infrastructure/resilience/resilience.go:118.9,120.3 1 0
go.klarlabs.de/briefkasten/infrastructure/resilience/resilience.go:121.2,121.42 1 0
go.klarlabs.de/briefkasten/infrastructure/resilience/resilience.go:121.42,121.65 1 0
go.klarlabs.de/briefkasten/infrastructure/resilience/resilience.go:122.2,122.16 1 0
go.klarlabs.de/briefkasten/infrastructure/resilience/resilience.go:122.16,124.3 1 0
go.klarlabs.de/briefkasten/infrastructure/resilience/resilience.go:125.2,125.26 1 0
go.klarlabs.de/briefkasten/infrastructure/resilience/resilience.go:129.65,131.9 2 0
go.klarlabs.de/briefkasten/infrastructure/resilience/resilience.go:131.9,132.22 1 0
go.klarlabs.de/briefkasten/infrastructure/resilience/resilience.go:132.22,134.4 1 0
go.klarlabs.de/briefkasten/infrastructure/resilience/resilience.go:135.3,135.71 1 0
go.klarlabs.de/briefkasten/infrastructure/resilience/resilience.go:137.2,138.16 2 0
go.klarlabs.de/briefkasten/infrastructure/resilience/resilience.go:138.16,140.3 1 0
go.klarlabs.de/briefkasten/infrastructure/resilience/resilience.go:141.2,141.35 1 0
go.klarlabs.de/briefkasten/infrastructure/resilience/resilience.go:145.44,147.9 2 0
go.klarlabs.de/briefkasten/infrastructure/resilience/resilience.go:147.9,149.3 1 0
go.klarlabs.de/briefkasten/infrastructure/resilience/resilience.go:150.2,150.42 1 0
go.klarlabs.de/briefkasten/infrastructure/resilience/resilience.go:150.42,150.72 1 0
go.klarlabs.de/briefkasten/infrastructure/resilience/resilience.go:151.2,151.12 1 0
go.klarlabs.de/briefkasten/infrastructure/resilience/resilience.go:155.43,157.9 2 0
go.klarlabs.de/briefkasten/infrastructure/resilience/resilience.go:157.9,159.3 1 0
go.klarlabs.de/briefkasten/infrastructure/resilience/resilience.go:160.2,160.42 1 0
go.klarlabs.de/briefkasten/infrastructure/resilience/resilience.go:160.42,160.71 1 0
go.klarlabs.de/briefkasten/infrastructure/resilience/resilience.go:161.2,161.12 1 0
go.klarlabs.de/briefkasten/infrastructure/resilience/resilience.go:173.72,174.39 1 0
go.klarlabs.de/briefkasten/infrastructure/resilience/resilience.go:174.39,176.3 1 0
go.klarlabs.de/briefkasten/infrastructure/resilience/resilience.go:177.2,178.16 2 0
go.klarlabs.de/briefkasten/infrastructure/resilience/resilience.go:178.16,180.3 1 0
go.klarlabs.de/briefkasten/infrastructure/resilience/resilience.go:181.2,183.25 3 0
go.klarlabs.de/briefkasten/infrastructure/resilience/resilience.go:183.25,185.17 2 0
go.klarlabs.de/briefkasten/infrastructure/resilience/resilience.go:185.17,186.12 1 0
go.klarlabs.de/briefkasten/infrastructure/resilience/resilience.go:188.3,188.49 1 0
go.klarlabs.de/briefkasten/infrastructure/resilience/resilience.go:188.49,190.4 1 0
go.klarlabs.de/briefkasten/infrastructure/resilience/resilience.go:192.2,192.17 1 0
go.klarlabs.de/briefkasten/infrastructure/smtp/smtp.go:53.45,54.20 1 5
go.klarlabs.de/briefkasten/infrastructure/smtp/smtp.go:54.20,56.3 1 0
go.klarlabs.de/briefkasten/infrastructure/smtp/smtp.go:57.2,57.20 1 5
go.klarlabs.de/briefkasten/infrastructure/smtp/smtp.go:57.20,59.3 1 1
go.klarlabs.de/briefkasten/infrastructure/smtp/smtp.go:60.2,60.57 1 4
go.klarlabs.de/briefkasten/infrastructure/smtp/smtp.go:60.57,62.3 1 0
go.klarlabs.de/briefkasten/infrastructure/smtp/smtp.go:63.2,71.8 1 4
go.klarlabs.de/briefkasten/infrastructure/smtp/smtp.go:75.78,76.69 1 0
go.klarlabs.de/briefkasten/infrastructure/smtp/smtp.go:76.69,77.83 1 0
go.klarlabs.de/briefkasten/infrastructure/smtp/smtp.go:77.83,79.4 1 0
go.klarlabs.de/briefkasten/infrastructure/smtp/smtp.go:81.2,81.12 1 0
go.klarlabs.de/briefkasten/infrastructure/smtp/smtp.go:84.81,86.16 2 0
go.klarlabs.de/briefkasten/infrastructure/smtp/smtp.go:86.16,88.3 1 0
go.klarlabs.de/briefkasten/infrastructure/smtp/smtp.go:89.2,89.15 1 0
go.klarlabs.de/briefkasten/infrastructure/smtp/smtp.go:89.15,89.32 1 0
go.klarlabs.de/briefkasten/infrastructure/smtp/smtp.go:91.2,91.25 1 0
go.klarlabs.de/briefkasten/infrastructure/smtp/smtp.go:91.25,94.17 3 0
go.klarlabs.de/briefkasten/infrastructure/smtp/smtp.go:94.17,96.4 1 0
go.klarlabs.de/briefkasten/infrastructure/smtp/smtp.go:97.3,97.42 1 0
go.klarlabs.de/briefkasten/infrastructure/smtp/smtp.go:97.42,99.4 1 0
go.klarlabs.de/briefkasten/infrastructure/smtp/smtp.go:100.8,100.33 1 0
go.klarlabs.de/briefkasten/infrastructure/smtp/smtp.go:100.33,102.43 2 0
go.klarlabs.de/briefkasten/infrastructure/smtp/smtp.go:102.43,104.4 1 0
go.klarlabs.de/briefkasten/infrastructure/smtp/smtp.go:107.2,108.16 2 0
go.klarlabs.de/briefkasten/infrastructure/smtp/smtp.go:108.16,110.3 1 0
go.klarlabs.de/briefkasten/infrastructure/smtp/smtp.go:111.2,111.77 1 0
go.klarlabs.de/briefkasten/infrastructure/smtp/smtp.go:111.77,113.3 1 0
go.klarlabs.de/briefkasten/infrastructure/smtp/smtp.go:114.2,114.17 1 0
go.klarlabs.de/briefkasten/infrastructure/smtp/smtp.go:117.47,118.9 1 0
go.klarlabs.de/briefkasten/infrastructure/smtp/smtp.go:119.22,120.31 1 0
go.klarlabs.de/briefkasten/infrastructure/smtp/smtp.go:121.25,122.51 1 0
go.klarlabs.de/briefkasten/infrastructure/smtp/smtp.go:123.10,124.56 1 0
go.klarlabs.de/briefkasten/briefkasten.go:57.67,59.2 1 0
go.klarlabs.de/briefkasten/briefkasten.go:62.44,62.84 1 0
go.klarlabs.de/briefkasten/briefkasten.go:65.54,65.99 1 0
go.klarlabs.de/briefkasten/briefkasten.go:84.54,84.82 1 0
go.klarlabs.de/briefkasten/briefkasten.go:87.59,87.83 1 0
go.klarlabs.de/briefkasten/briefkasten.go:90.41,90.76 1 0
go.klarlabs.de/briefkasten/briefkasten.go:93.45,93.76 1 0
go.klarlabs.de/briefkasten/briefkasten.go:96.63,96.103 1 0
go.klarlabs.de/briefkasten/briefkasten.go:107.57,107.87 1 0
go.klarlabs.de/briefkasten/briefkasten.go:121.68,123.2 1 0
go.klarlabs.de/briefkasten/briefkasten.go:129.61,131.16 2 0
go.klarlabs.de/briefkasten/briefkasten.go:131.16,133.3 1 0
go.klarlabs.de/briefkasten/briefkasten.go:134.2,135.37 2 0
go.klarlabs.de/briefkasten/briefkasten.go:135.37,137.3 1 0
go.klarlabs.de/briefkasten/briefkasten.go:138.2,138.16 1 0
go.klarlabs.de/briefkasten/briefkasten.go:158.61,159.31 1 0
go.klarlabs.de/briefkasten/briefkasten.go:159.31,159.56 1 0
go.klarlabs.de/briefkasten/briefkasten.go:163.42,164.31 1 0
go.klarlabs.de/briefkasten/briefkasten.go:164.31,164.48 1 0
go.klarlabs.de/briefkasten/briefkasten.go:170.62,172.27 2 0
go.klarlabs.de/briefkasten/briefkasten.go:172.27,174.3 1 0
go.klarlabs.de/briefkasten/briefkasten.go:175.2,177.23 3 0
go.klarlabs.de/briefkasten/briefkasten.go:177.23,179.3 1 0
go.klarlabs.de/briefkasten/briefkasten.go:180.2,180.39 1 0
go.klarlabs.de/briefkasten/config.go:82.62,83.26 1 0
go.klarlabs.de/briefkasten/config.go:83.26,85.3 1 0
go.klarlabs.de/briefkasten/config.go:86.2,87.34 2 0
go.klarlabs.de/briefkasten/config.go:87.34,90.17 3 0
go.klarlabs.de/briefkasten/config.go:90.17,92.4 1 0
go.klarlabs.de/briefkasten/config.go:93.3,93.17 1 0
go.klarlabs.de/briefkasten/config.go:95.2,95.17 1 0
go.klarlabs.de/briefkasten/config.go:101.47,106.16 2 0
go.klarlabs.de/briefkasten/config.go:106.16,108.3 1 0
go.klarlabs.de/briefkasten/config.go:109.2,110.16 2 0
go.klarlabs.de/briefkasten/config.go:110.16,112.3 1 0
go.klarlabs.de/briefkasten/config.go:113.2,113.49 1 0
go.klarlabs.de/briefkasten/config.go:113.49,115.3 1 0
go.klarlabs.de/briefkasten/config.go:116.2,117.17 2 0
go.klarlabs.de/briefkasten/config.go:122.32,122.49 1 0
go.klarlabs.de/briefkasten/config.go:126.31,127.18 1 0
go.klarlabs.de/briefkasten/config.go:127.18,129.3 1 0
go.klarlabs.de/briefkasten/config.go:130.2,131.16 2 0
go.klarlabs.de/briefkasten/config.go:131.16,133.3 1 0
go.klarlabs.de/briefkasten/config.go:134.2,134.57 1 0
go.klarlabs.de/briefkasten/config.go:134.57,136.3 1 0
go.klarlabs.de/briefkasten/config.go:137.2,137.12 1 0
go.klarlabs.de/briefkasten/config.go:142.29,150.58 8 0
go.klarlabs.de/briefkasten/config.go:150.58,152.3 1 0
go.klarlabs.de/briefkasten/config.go:153.2,159.58 7 0
go.klarlabs.de/briefkasten/config.go:159.58,161.3 1 0
go.klarlabs.de/briefkasten/config.go:164.2,166.59 3 0
go.klarlabs.de/briefkasten/config.go:166.59,168.3 1 0
go.klarlabs.de/briefkasten/config.go:173.61,175.13 2 0
go.klarlabs.de/briefkasten/config.go:175.13,177.3 1 0
go.klarlabs.de/briefkasten/config.go:178.2,178.15 1 0
go.klarlabs.de/briefkasten/config.go:178.15,180.3 1 0
go.klarlabs.de/briefkasten/config.go:181.2,181.26 1 0
go.klarlabs.de/briefkasten/config.go:184.39,185.34 1 0
go.klarlabs.de/briefkasten/config.go:185.34,187.3 1 0
go.klarlabs.de/briefkasten/config.go:192.43,193.21 1 0
go.klarlabs.de/briefkasten/config.go:193.21,195.3 1 0
go.klarlabs.de/briefkasten/config.go:196.2,196.23 1 0
go.klarlabs.de/briefkasten/config.go:196.23,198.3 1 0
go.klarlabs.de/briefkasten/config.go:199.2,199.18 1 0
go.klarlabs.de/briefkasten/config.go:204.58,205.49 1 0
go.klarlabs.de/briefkasten/config.go:206.17,208.17 2 0
go.klarlabs.de/briefkasten/config.go:208.17,210.4 1 0
go.klarlabs.de/briefkasten/config.go:211.3,211.41 1 0
go.klarlabs.de/briefkasten/config.go:212.14,213.27 1 0
go.klarlabs.de/briefkasten/config.go:213.27,214.95 1 0
go.klarlabs.de/briefkasten/config.go:214.95,216.5 1 0
go.klarlabs.de/briefkasten/config.go:218.3,226.17 2 0
go.klarlabs.de/briefkasten/config.go:226.17,228.4 1 0
go.klarlabs.de/briefkasten/config.go:230.3,230.71 1 0
go.klarlabs.de/briefkasten/config.go:231.10,232.91 1 0
go.klarlabs.de/briefkasten/config.go:239.41,240.29 1 0
go.klarlabs.de/briefkasten/config.go:241.17,242.34 1 0
go.klarlabs.de/briefkasten/config.go:243.14,254.5 1 0
go.klarlabs.de/briefkasten/config.go:255.10,256.13 1 0
go.klarlabs.de/briefkasten/config.go:263.56,264.30 1 0
go.klarlabs.de/briefkasten/config.go:264.30,265.34 1 0
go.klarlabs.de/briefkasten/config.go:265.34,266.109 1 0
go.klarlabs.de/briefkasten/config.go:266.109,268.5 1 0
go.klarlabs.de/briefkasten/config.go:270.3,279.17 2 0
go.klarlabs.de/briefkasten/config.go:279.17,281.4 1 0
go.klarlabs.de/briefkasten/config.go:282.3,282.51 1 0
go.klarlabs.de/briefkasten/config.go:284.2,285.16 2 0
go.klarlabs.de/briefkasten/config.go:285.16,287.3 1 0
go.klarlabs.de/briefkasten/config.go:288.2,288.50 1 0
go.klarlabs.de/briefkasten/config.go:294.57,295.24 1 0
go.klarlabs.de/briefkasten/config.go:295.24,297.3 1 0
go.klarlabs.de/briefkasten/config.go:298.2,299.16 2 0
go.klarlabs.de/briefkasten/config.go:299.16,301.3 1 0
go.klarlabs.de/briefkasten/config.go:302.2,303.16 2 0
go.klarlabs.de/briefkasten/config.go:303.16,305.3 1 0
[...]
go.klarlabs.de/briefkasten/infrastructure/maildir/watcher.go:40.21,41.20 1 2
go.klarlabs.de/briefkasten/infrastructure/maildir/watcher.go:42.34,43.11 1 1
go.klarlabs.de/briefkasten/infrastructure/maildir/watcher.go:43.11,45.5 1 0
go.klarlabs.de/briefkasten/infrastructure/maildir/watcher.go:46.4,46.29 1 1
go.klarlabs.de/briefkasten/infrastructure/maildir/watcher.go:46.29,48.5 1 1
go.klarlabs.de/briefkasten/infrastructure/maildir/watcher.go:49.32,50.11 1 0
go.klarlabs.de/briefkasten/infrastructure/maildir/watcher.go:50.11,52.5 1 0
go.klarlabs.de/briefkasten/infrastructure/maildir/watcher.go:53.4,53.47 1 0
go.klarlabs.de/briefkasten/infrastructure/mcpserver/prompts.go:29.65,33.89 1 2
go.klarlabs.de/briefkasten/infrastructure/mcpserver/prompts.go:33.89,35.35 2 0
go.klarlabs.de/briefkasten/infrastructure/mcpserver/prompts.go:35.35,37.28 2 0
go.klarlabs.de/briefkasten/infrastructure/mcpserver/prompts.go:37.28,39.6 1 0
go.klarlabs.de/briefkasten/infrastructure/mcpserver/prompts.go:40.5,40.14 1 0
go.klarlabs.de/briefkasten/infrastructure/mcpserver/prompts.go:42.4,43.18 2 0
go.klarlabs.de/briefkasten/infrastructure/mcpserver/prompts.go:43.18,45.5 1 0
go.klarlabs.de/briefkasten/infrastructure/mcpserver/prompts.go:46.4,47.21 2 0
go.klarlabs.de/briefkasten/infrastructure/mcpserver/prompts.go:47.21,49.5 1 0
go.klarlabs.de/briefkasten/infrastructure/mcpserver/prompts.go:50.4,52.27 3 0
go.klarlabs.de/briefkasten/infrastructure/mcpserver/prompts.go:52.27,54.19 2 0
go.klarlabs.de/briefkasten/infrastructure/mcpserver/prompts.go:54.19,55.14 1 0
go.klarlabs.de/briefkasten/infrastructure/mcpserver/prompts.go:57.5,57.43 1 0
go.klarlabs.de/briefkasten/infrastructure/mcpserver/prompts.go:57.43,59.6 1 0
go.klarlabs.de/briefkasten/infrastructure/mcpserver/prompts.go:60.5,60.59 1 0
go.klarlabs.de/briefkasten/infrastructure/mcpserver/prompts.go:62.4,62.18 1 0
go.klarlabs.de/briefkasten/infrastructure/mcpserver/prompts.go:62.18,64.5 1 0
go.klarlabs.de/briefkasten/infrastructure/mcpserver/prompts.go:64.10,64.31 1 0
go.klarlabs.de/briefkasten/infrastructure/mcpserver/prompts.go:64.31,66.5 1 0
go.klarlabs.de/briefkasten/infrastructure/mcpserver/prompts.go:67.4,72.10 1 0
go.klarlabs.de/briefkasten/infrastructure/mcpserver/prompts.go:75.2,78.89 1 2
go.klarlabs.de/briefkasten/infrastructure/mcpserver/prompts.go:78.89,80.16 2 0
go.klarlabs.de/briefkasten/infrastructure/mcpserver/prompts.go:80.16,82.5 1 0
go.klarlabs.de/briefkasten/infrastructure/mcpserver/prompts.go:83.4,84.18 2 0
go.klarlabs.de/briefkasten/infrastructure/mcpserver/prompts.go:84.18,86.5 1 0
go.klarlabs.de/briefkasten/infrastructure/mcpserver/prompts.go:87.4,87.42 1 0
go.klarlabs.de/briefkasten/infrastructure/mcpserver/prompts.go:87.42,89.5 1 0
go.klarlabs.de/briefkasten/infrastructure/mcpserver/prompts.go:90.4,98.10 2 0
go.klarlabs.de/briefkasten/infrastructure/mcpserver/prompts.go:101.2,102.124 1 2
go.klarlabs.de/briefkasten/infrastructure/mcpserver/prompts.go:102.124,104.18 2 0
go.klarlabs.de/briefkasten/infrastructure/mcpserver/prompts.go:104.18,106.5 1 0
go.klarlabs.de/briefkasten/infrastructure/mcpserver/prompts.go:107.4,108.27 2 0
go.klarlabs.de/briefkasten/infrastructure/mcpserver/prompts.go:108.27,109.41 1 0
go.klarlabs.de/briefkasten/infrastructure/mcpserver/prompts.go:109.41,111.6 1 0
go.klarlabs.de/briefkasten/infrastructure/mcpserver/prompts.go:113.4,113.70 1 0
go.klarlabs.de/briefkasten/infrastructure/mcpserver/resources.go:19.91,24.101 1 2
go.klarlabs.de/briefkasten/infrastructure/mcpserver/resources.go:24.101,26.18 2 0
go.klarlabs.de/briefkasten/infrastructure/mcpserver/resources.go:26.18,28.5 1 0
go.klarlabs.de/briefkasten/infrastructure/mcpserver/resources.go:29.4,29.59 1 0
go.klarlabs.de/briefkasten/infrastructure/mcpserver/resources.go:32.2,36.106 1 2
go.klarlabs.de/briefkasten/infrastructure/mcpserver/resources.go:36.106,38.18 2 0
go.klarlabs.de/briefkasten/infrastructure/mcpserver/resources.go:38.18,40.5 1 0
go.klarlabs.de/briefkasten/infrastructure/mcpserver/resources.go:41.4,41.96 1 0
go.klarlabs.de/briefkasten/infrastructure/mcpserver/resources.go:44.2,48.106 1 2
go.klarlabs.de/briefkasten/infrastructure/mcpserver/resources.go:48.106,50.18 2 0
go.klarlabs.de/briefkasten/infrastructure/mcpserver/resources.go:50.18,52.5 1 0
go.klarlabs.de/briefkasten/infrastructure/mcpserver/resources.go:53.4,53.47 1 0
go.klarlabs.de/briefkasten/infrastructure/mcpserver/resources.go:56.2,57.124 1 2
go.klarlabs.de/briefkasten/infrastructure/mcpserver/resources.go:57.124,59.18 2 0
go.klarlabs.de/briefkasten/infrastructure/mcpserver/resources.go:59.18,61.5 1 0
go.klarlabs.de/briefkasten/infrastructure/mcpserver/resources.go:62.4,63.27 2 0
go.klarlabs.de/briefkasten/infrastructure/mcpserver/resources.go:63.27,64.41 1 0
go.klarlabs.de/briefkasten/infrastructure/mcpserver/resources.go:64.41,66.6 1 0
go.klarlabs.de/briefkasten/infrastructure/mcpserver/resources.go:68.4,68.70 1 0
go.klarlabs.de/briefkasten/infrastructure/mcpserver/resources.go:71.2,75.101 1 2
go.klarlabs.de/briefkasten/infrastructure/mcpserver/resources.go:75.101,77.18 2 0
go.klarlabs.de/briefkasten/infrastructure/mcpserver/resources.go:77.18,79.5 1 0
go.klarlabs.de/briefkasten/infrastructure/mcpserver/resources.go:80.4,80.64 1 0
go.klarlabs.de/briefkasten/infrastructure/mcpserver/resources.go:83.2,87.101 1 2
go.klarlabs.de/briefkasten/infrastructure/mcpserver/resources.go:87.101,89.4 1 0
go.klarlabs.de/briefkasten/infrastructure/mcpserver/resources.go:91.2,95.101 1 2
go.klarlabs.de/briefkasten/infrastructure/mcpserver/resources.go:95.101,96.17 1 0
go.klarlabs.de/briefkasten/infrastructure/mcpserver/resources.go:96.17,98.5 1 0
go.klarlabs.de/briefkasten/infrastructure/mcpserver/resources.go:99.4,100.18 2 0
go.klarlabs.de/briefkasten/infrastructure/mcpserver/resources.go:100.18,102.5 1 0
go.klarlabs.de/briefkasten/infrastructure/mcpserver/resources.go:103.4,103.37 1 0
go.klarlabs.de/briefkasten/infrastructure/mcpserver/resources.go:106.2,110.106 1 2
go.klarlabs.de/briefkasten/infrastructure/mcpserver/resources.go:110.106,111.17 1 0
go.klarlabs.de/briefkasten/infrastructure/mcpserver/resources.go:111.17,113.5 1 0
go.klarlabs.de/briefkasten/infrastructure/mcpserver/resources.go:114.4,115.18 2 0
go.klarlabs.de/briefkasten/infrastructure/mcpserver/resources.go:115.18,117.5 1 0
go.klarlabs.de/briefkasten/infrastructure/mcpserver/resources.go:118.4,118.33 1 0
go.klarlabs.de/briefkasten/infrastructure/mcpserver/resources.go:125.46,128.16 3 0
go.klarlabs.de/briefkasten/infrastructure/mcpserver/resources.go:128.16,130.3 1 0
go.klarlabs.de/briefkasten/infrastructure/mcpserver/resources.go:131.2,132.34 2 0
go.klarlabs.de/briefkasten/infrastructure/mcpserver/resources.go:132.34,133.48 1 0
go.klarlabs.de/briefkasten/infrastructure/mcpserver/resources.go:133.48,135.4 1 0
go.klarlabs.de/briefkasten/infrastructure/mcpserver/resources.go:136.3,136.11 1 0
go.klarlabs.de/briefkasten/infrastructure/mcpserver/resources.go:138.2,143.12 6 0
go.klarlabs.de/briefkasten/infrastructure/mcpserver/resources.go:146.77,148.16 2 0
go.klarlabs.de/briefkasten/infrastructure/mcpserver/resources.go:148.16,150.3 1 0
go.klarlabs.de/briefkasten/infrastructure/mcpserver/resources.go:151.2,151.96 1 0
go.klarlabs.de/briefkasten/infrastructure/mcpserver/server.go:41.29,42.41 1 2
go.klarlabs.de/briefkasten/infrastructure/mcpserver/server.go:42.41,43.49 1 2
go.klarlabs.de/briefkasten/infrastructure/mcpserver/server.go:43.49,44.97 1 56
go.klarlabs.de/briefkasten/infrastructure/mcpserver/server.go:44.97,46.5 1 0
go.klarlabs.de/briefkasten/infrastructure/mcpserver/server.go:49.2,49.14 1 2
go.klarlabs.de/briefkasten/infrastructure/mcpserver/server.go:60.48,61.26 1 1
go.klarlabs.de/briefkasten/infrastructure/mcpserver/server.go:61.26,61.43 1 1
go.klarlabs.de/briefkasten/infrastructure/mcpserver/server.go:67.70,69.33 2 2
go.klarlabs.de/briefkasten/infrastructure/mcpserver/server.go:69.33,71.3 1 1
go.klarlabs.de/briefkasten/infrastructure/mcpserver/server.go:73.2,84.24 4 2
go.klarlabs.de/briefkasten/infrastructure/mcpserver/server.go:84.24,86.3 1 1
go.klarlabs.de/briefkasten/infrastructure/mcpserver/server.go:87.2,90.12 4 2
go.klarlabs.de/briefkasten/infrastructure/mcpserver/server.go:93.63,104.29 1 2
go.klarlabs.de/briefkasten/infrastructure/mcpserver/server.go:104.29,106.18 2 0
go.klarlabs.de/briefkasten/infrastructure/mcpserver/server.go:106.18,108.5 1 0
go.klarlabs.de/briefkasten/infrastructure/mcpserver/server.go:109.4,110.40 2 0
go.klarlabs.de/briefkasten/infrastructure/mcpserver/server.go:110.40,112.5 1 0
go.klarlabs.de/briefkasten/infrastructure/mcpserver/server.go:113.4,113.58 1 0
go.klarlabs.de/briefkasten/infrastructure/mcpserver/server.go:116.2,125.29 1 2
go.klarlabs.de/briefkasten/infrastructure/mcpserver/server.go:125.29,127.18 2 0
go.klarlabs.de/briefkasten/infrastructure/mcpserver/server.go:127.18,129.5 1 0
go.klarlabs.de/briefkasten/infrastructure/mcpserver/server.go:130.4,130.77 1 0
go.klarlabs.de/briefkasten/infrastructure/mcpserver/server.go:133.2,142.29 1 2
go.klarlabs.de/briefkasten/infrastructure/mcpserver/server.go:142.29,143.69 1 0
go.klarlabs.de/briefkasten/infrastructure/mcpserver/server.go:143.69,145.5 1 0
go.klarlabs.de/briefkasten/infrastructure/mcpserver/server.go:146.4,146.42 1 0
go.klarlabs.de/briefkasten/infrastructure/mcpserver/server.go:149.2,159.29 1 2
go.klarlabs.de/briefkasten/infrastructure/mcpserver/server.go:159.29,161.18 2 0
go.klarlabs.de/briefkasten/infrastructure/mcpserver/server.go:161.18,163.5 1 0
go.klarlabs.de/briefkasten/infrastructure/mcpserver/server.go:164.4,165.40 2 0
go.klarlabs.de/briefkasten/infrastructure/mcpserver/server.go:165.40,167.5 1 0
go.klarlabs.de/briefkasten/infrastructure/mcpserver/server.go:168.4,168.58 1 0
go.klarlabs.de/briefkasten/infrastructure/mcpserver/server.go:175.84,176.15 1 0
go.klarlabs.de/briefkasten/infrastructure/mcpserver/server.go:176.15,178.3 1 0
go.klarlabs.de/briefkasten/infrastructure/mcpserver/server.go:179.2,180.20 2 0
go.klarlabs.de/briefkasten/infrastructure/mcpserver/server.go:180.20,188.17 2 0
go.klarlabs.de/briefkasten/infrastructure/mcpserver/server.go:188.17,189.33 1 0
go.klarlabs.de/briefkasten/infrastructure/mcpserver/server.go:189.33,191.5 1 0
go.klarlabs.de/briefkasten/infrastructure/mcpserver/server.go:192.4,192.117 1 0
go.klarlabs.de/briefkasten/infrastructure/mcpserver/server.go:194.3,194.134 1 0
go.klarlabs.de/briefkasten/infrastructure/mcpserver/server.go:196.2,196.148 1 0
go.klarlabs.de/briefkasten/infrastructure/mcpserver/server.go:199.69,211.77 2 2
go.klarlabs.de/briefkasten/infrastructure/mcpserver/server.go:211.77,212.77 1 0
go.klarlabs.de/briefkasten/infrastructure/mcpserver/server.go:212.77,214.5 1 0
go.klarlabs.de/briefkasten/infrastructure/mcpserver/server.go:215.4,215.68 1 0
go.klarlabs.de/briefkasten/infrastructure/mcpserver/server.go:215.68,217.5 1 0
go.klarlabs.de/briefkasten/infrastructure/mcpserver/server.go:218.4,218.42 1 0
go.klarlabs.de/briefkasten/infrastructure/mcpserver/server.go:221.2,225.77 1 2
go.klarlabs.de/briefkasten/infrastructure/mcpserver/server.go:225.77,226.76 1 0
go.klarlabs.de/briefkasten/infrastructure/mcpserver/server.go:226.76,228.5 1 0
go.klarlabs.de/briefkasten/infrastructure/mcpserver/server.go:229.4,229.67 1 0
go.klarlabs.de/briefkasten/infrastructure/mcpserver/server.go:229.67,231.5 1 0
go.klarlabs.de/briefkasten/infrastructure/mcpserver/server.go:232.4,232.42 1 0
go.klarlabs.de/briefkasten/infrastructure/mcpserver/server.go:236.65,247.29 1 1
go.klarlabs.de/briefkasten/infrastructure/mcpserver/server.go:247.29,255.18 2 0
go.klarlabs.de/briefkasten/infrastructure/mcpserver/server.go:255.18,257.5 1 0
go.klarlabs.de/briefkasten/infrastructure/mcpserver/server.go:258.4,258.59 1 0
go.klarlabs.de/briefkasten/infrastructure/mcpserver/server.go:261.2,269.29 1 1
go.klarlabs.de/briefkasten/infrastructure/mcpserver/server.go:269.29,271.18 2 0
go.klarlabs.de/briefkasten/infrastructure/mcpserver/server.go:271.18,273.5 1 0
go.klarlabs.de/briefkasten/infrastructure/mcpserver/server.go:274.4,275.23 2 0
go.klarlabs.de/briefkasten/infrastructure/mcpserver/server.go:275.23,277.5 1 0
go.klarlabs.de/briefkasten/infrastructure/mcpserver/server.go:278.4,278.19 1 0
go.klarlabs.de/briefkasten/infrastructure/mcpserver/server.go:281.2,288.29 1 1
go.klarlabs.de/briefkasten/infrastructure/mcpserver/server.go:288.29,289.42 1 0
go.klarlabs.de/briefkasten/infrastructure/mcpserver/server.go:289.42,291.5 1 0
go.klarlabs.de/briefkasten/infrastructure/mcpserver/server.go:292.4,292.62 1 0
go.klarlabs.de/briefkasten/infrastructure/mcpserver/ui.go:11.34,16.101 1 2
go.klarlabs.de/briefkasten/infrastructure/mcpserver/ui.go:16.101,18.4 1 0
go.klarlabs.de/briefkasten/infrastructure/resilience/resilience.go:45.51,46.24 1 0
go.klarlabs.de/briefkasten/infrastructure/resilience/resilience.go:46.24,48.3 1 0
go.klarlabs.de/briefkasten/infrastructure/resilience/resilience.go:49.2,52.39 1 0
go.klarlabs.de/briefkasten/infrastructure/resilience/resilience.go:52.39,55.5 1 0
go.klarlabs.de/briefkasten/infrastructure/resilience/resilience.go:70.64,72.66 2 0
go.klarlabs.de/briefkasten/infrastructure/resilience/resilience.go:72.66,73.67 1 0
go.klarlabs.de/briefkasten/infrastructure/resilience/resilience.go:73.67,74.70 1 0
go.klarlabs.de/briefkasten/infrastructure/resilience/resilience.go:74.70,76.5 1 0
go.klarlabs.de/briefkasten/infrastructure/resilience/resilience.go:82.50,83.42 1 0
go.klarlabs.de/briefkasten/infrastructure/resilience/resilience.go:83.42,83.70 1 0
go.klarlabs.de/briefkasten/infrastructure/resilience/resilience.go:84.2,84.16 1 0
go.klarlabs.de/briefkasten/infrastructure/resilience/resilience.go:84.16,86.3 1 0
go.klarlabs.de/briefkasten/infrastructure/resilience/resilience.go:87.2,87.26 1 0
go.klarlabs.de/briefkasten/infrastructure/resilience/resilience.go:91.52,92.42 1 0
go.klarlabs.de/briefkasten/infrastructure/resilience/resilience.go:92.42,92.67 1 0
go.klarlabs.de/briefkasten/infrastructure/resilience/resilience.go:93.2,93.16 1 0
go.klarlabs.de/briefkasten/infrastructure/resilience/resilience.go:93.16,95.3 1 0
go.klarlabs.de/briefkasten/infrastructure/resilience/resilience.go:96.2,96.24 1 0
go.klarlabs.de/briefkasten/infrastructure/resilience/resilience.go:100.45,101.42 1 0
go.klarlabs.de/briefkasten/infrastructure/resilience/resilience.go:101.42,101.75 1 0
go.klarlabs.de/briefkasten/infrastructure/resilience/resilience.go:102.2,102.12 1 0
go.klarlabs.de/briefkasten/infrastructure/resilience/resilience.go:107.58,108.42 1 0
go.klarlabs.de/briefkasten/infrastructure/resilience/resilience.go:108.42,108.80 1 0
go.klarlabs.de/briefkasten/infrastructure/resilience/resilience.go:109.2,109.16 1 0
go.klarlabs.de/briefkasten/infrastructure/resilience/resilience.go:109.16,111.3 1 0
go.klarlabs.de/briefkasten/infrastructure/resilience/resilience.go:112.2,112.26 1 0
go.klarlabs.de/briefkasten/infrastructure/resilience/resilience.go:116.47,118.9 2 0
go.klarlabs.de/briefkasten/infrastructure/resilience/resilience.go:118.9,120.3 1 0
go.klarlabs.de/briefkasten/infrastructure/resilience/resilience.go:121.2,121.42 1 0
go.klarlabs.de/briefkasten/infrastructure/resilience/resilience.go:121.42,121.65 1 0
go.klarlabs.de/briefkasten/infrastructure/resilience/resilience.go:122.2,122.16 1 0
go.klarlabs.de/briefkasten/infrastructure/resilience/resilience.go:122.16,124.3 1 0
go.klarlabs.de/briefkasten/infrastructure/resilience/resilience.go:125.2,125.26 1 0
go.klarlabs.de/briefkasten/infrastructure/resilience/resilience.go:129.65,131.9 2 0
go.klarlabs.de/briefkasten/infrastructure/resilience/resilience.go:131.9,132.22 1 0
go.klarlabs.de/briefkasten/infrastructure/resilience/resilience.go:132.22,134.4 1 0
go.klarlabs.de/briefkasten/infrastructure/resilience/resilience.go:135.3,135.71 1 0
go.klarlabs.de/briefkasten/infrastructure/resilience/resilience.go:137.2,138.16 2 0
go.klarlabs.de/briefkasten/infrastructure/resilience/resilience.go:138.16,140.3 1 0
go.klarlabs.de/briefkasten/infrastructure/resilience/resilience.go:141.2,141.35 1 0
go.klarlabs.de/briefkasten/infrastructure/resilience/resilience.go:145.44,147.9 2 0
go.klarlabs.de/briefkasten/infrastructure/resilience/resilience.go:147.9,149.3 1 0
go.klarlabs.de/briefkasten/infrastructure/resilience/resilience.go:150.2,150.42 1 0
go.klarlabs.de/briefkasten/infrastructure/resilience/resilience.go:150.42,150.72 1 0
go.klarlabs.de/briefkasten/infrastructure/resilience/resilience.go:151.2,151.12 1 0
go.klarlabs.de/briefkasten/infrastructure/resilience/resilience.go:155.43,157.9 2 0
go.klarlabs.de/briefkasten/infrastructure/resilience/resilience.go:157.9,159.3 1 0
go.klarlabs.de/briefkasten/infrastructure/resilience/resilience.go:160.2,160.42 1 0
go.klarlabs.de/briefkasten/infrastructure/resilience/resilience.go:160.42,160.71 1 0
go.klarlabs.de/briefkasten/infrastructure/resilience/resilience.go:161.2,161.12 1 0
go.klarlabs.de/briefkasten/infrastructure/resilience/resilience.go:173.72,174.39 1 0
go.klarlabs.de/briefkasten/infrastructure/resilience/resilience.go:174.39,176.3 1 0
go.klarlabs.de/briefkasten/infrastructure/resilience/resilience.go:177.2,178.16 2 0
go.klarlabs.de/briefkasten/infrastructure/resilience/resilience.go:178.16,180.3 1 0
go.klarlabs.de/briefkasten/infrastructure/resilience/resilience.go:181.2,183.25 3 0
go.klarlabs.de/briefkasten/infrastructure/resilience/resilience.go:183.25,185.17 2 0
go.klarlabs.de/briefkasten/infrastructure/resilience/resilience.go:185.17,186.12 1 0
go.klarlabs.de/briefkasten/infrastructure/resilience/resilience.go:188.3,188.49 1 0
go.klarlabs.de/briefkasten/infrastructure/resilience/resilience.go:188.49,190.4 1 0
go.klarlabs.de/briefkasten/infrastructure/resilience/resilience.go:192.2,192.17 1 0
go.klarlabs.de/briefkasten/infrastructure/smtp/smtp.go:53.45,54.20 1 0
go.klarlabs.de/briefkasten/infrastructure/smtp/smtp.go:54.20,56.3 1 0
go.klarlabs.de/briefkasten/infrastructure/smtp/smtp.go:57.2,57.20 1 0
go.klarlabs.de/briefkasten/infrastructure/smtp/smtp.go:57.20,59.3 1 0
go.klarlabs.de/briefkasten/infrastructure/smtp/smtp.go:60.2,60.57 1 0
go.klarlabs.de/briefkasten/infrastructure/smtp/smtp.go:60.57,62.3 1 0
go.klarlabs.de/briefkasten/infrastructure/smtp/smtp.go:63.2,71.8 1 0
go.klarlabs.de/briefkasten/infrastructure/smtp/smtp.go:75.78,76.69 1 0
go.klarlabs.de/briefkasten/infrastructure/smtp/smtp.go:76.69,77.83 1 0
go.klarlabs.de/briefkasten/infrastructure/smtp/smtp.go:77.83,79.4 1 0
go.klarlabs.de/briefkasten/infrastructure/smtp/smtp.go:81.2,81.12 1 0
go.klarlabs.de/briefkasten/infrastructure/smtp/smtp.go:84.81,86.16 2 0
go.klarlabs.de/briefkasten/infrastructure/smtp/smtp.go:86.16,88.3 1 0
go.klarlabs.de/briefkasten/infrastructure/smtp/smtp.go:89.2,89.15 1 0
go.klarlabs.de/briefkasten/infrastructure/smtp/smtp.go:89.15,89.32 1 0
go.klarlabs.de/briefkasten/infrastructure/smtp/smtp.go:91.2,91.25 1 0
go.klarlabs.de/briefkasten/infrastructure/smtp/smtp.go:91.25,94.17 3 0
go.klarlabs.de/briefkasten/infrastructure/smtp/smtp.go:94.17,96.4 1 0
go.klarlabs.de/briefkasten/infrastructure/smtp/smtp.go:97.3,97.42 1 0
go.klarlabs.de/briefkasten/infrastructure/smtp/smtp.go:97.42,99.4 1 0
go.klarlabs.de/briefkasten/infrastructure/smtp/smtp.go:100.8,100.33 1 0
go.klarlabs.de/briefkasten/infrastructure/smtp/smtp.go:100.33,102.43 2 0
go.klarlabs.de/briefkasten/infrastructure/smtp/smtp.go:102.43,104.4 1 0
go.klarlabs.de/briefkasten/infrastructure/smtp/smtp.go:107.2,108.16 2 0
go.klarlabs.de/briefkasten/infrastructure/smtp/smtp.go:108.16,110.3 1 0
go.klarlabs.de/briefkasten/infrastructure/smtp/smtp.go:111.2,111.77 1 0
go.klarlabs.de/briefkasten/infrastructure/smtp/smtp.go:111.77,113.3 1 0
go.klarlabs.de/briefkasten/infrastructure/smtp/smtp.go:114.2,114.17 1 0
go.klarlabs.de/briefkasten/infrastructure/smtp/smtp.go:117.47,118.9 1 0
go.klarlabs.de/briefkasten/infrastructure/smtp/smtp.go:119.22,120.31 1 0
go.klarlabs.de/briefkasten/infrastructure/smtp/smtp.go:121.25,122.51 1 0
go.klarlabs.de/briefkasten/infrastructure/smtp/smtp.go:123.10,124.56 1 0
